INFO: [v++ 60-1306] Additional information associated with this v++ package can be found at:
	Reports: /home/dopark/workspace/zcu102_tuning/prflow_riscv/input_src/rendering512/sw_emu/_x/reports/package
	Log files: /home/dopark/workspace/zcu102_tuning/prflow_riscv/input_src/rendering512/sw_emu/_x/logs/package
INFO: [v++ 60-1548] Creating build summary session with primary output ./v++.package_summary, at Sat Jun 11 11:04:32 2022
INFO: [v++ 60-1316] Initiating connection to rulecheck server, at Sat Jun 11 11:04:32 2022
INFO: [v++ 60-1315] Creating rulecheck session with output '/home/dopark/workspace/zcu102_tuning/prflow_riscv/input_src/rendering512/sw_emu/_x/reports/package/v++_package_a_guidance.html', at Sat Jun 11 11:04:33 2022
INFO: [v++ 60-895]   Target platform: /opt/platforms/xilinx_zcu102_base_dfx_202110_1/xilinx_zcu102_base_dfx_202110_1.xpfm
INFO: [v++ 60-1578]   This platform contains Xilinx Shell Archive '/opt/platforms/xilinx_zcu102_base_dfx_202110_1/hw/xilinx_zcu102_base_dfx_202110_1.xsa'
INFO: [v++ 60-2256] Packaging for software emulation
WARNING: [v++ 60-2246] Failed to find System Metadata section in /home/dopark/workspace/zcu102_tuning/prflow_riscv/input_src/rendering512/sw_emu/ydma.xclbin
WARNING: [v++ 82-1147] Kernel image is not specified for linux domain
WARNING: [v++ 82-1148] Skipping boot image generation since FSBL is directly loaded onto emulator
INFO: [v++ 82-1022] generating /home/dopark/workspace/zcu102_tuning/prflow_riscv/input_src/rendering512/sw_emu/package/launch_sw_emu.sh
INFO: [v++ 82-1140] Deleting existing - /home/dopark/workspace/zcu102_tuning/prflow_riscv/input_src/rendering512/sw_emu/package/sd_card/Image
INFO: [v++ 82-1011] creating sd_card directory
INFO: [v++ 82-1141] Deleting the existing dir /home/dopark/workspace/zcu102_tuning/prflow_riscv/input_src/rendering512/sw_emu/package/sd_card//data/emulation/unified
INFO: [v++ 82-3528] mkfsimage command run: /tools/Xilinx/Vitis/2021.1/scripts/vitis/util/mkfsImage.sh -s /home/dopark/workspace/zcu102_tuning/prflow_riscv/input_src/rendering512/sw_emu/package/sd_card/ -o /home/dopark/workspace/zcu102_tuning/prflow_riscv/input_src/rendering512/sw_emu/package/sd_card.img -e /opt/platforms/xilinx-zynqmp-common-v2021.1/rootfs.ext4
INFO: [v++ 60-2343] Use the vitis_analyzer tool to visualize and navigate the relevant reports. Run the following command. 
    vitis_analyzer ./v++.package_summary 
INFO: [v++ 60-791] Total elapsed time: 0h 0m 23s
INFO: [v++ 60-1653] Closing dispatch client.
