==============================================================
Vitis HLS - High-Level Synthesis from C, C++ and OpenCL v2021.1 (64-bit)
Copyright 1986-2021 Xilinx, Inc. All Rights Reserved.
==============================================================
INFO: [HLS 200-1505] Using flow_target 'vitis'
INFO: [HLS 200-435] Setting 'open_solution -flow_target vitis' configuration: config_interface -m_axi_latency=64
INFO: [HLS 200-435] Setting 'open_solution -flow_target vitis' configuration: config_interface -m_axi_alignment_byte_size=64
INFO: [HLS 200-435] Setting 'open_solution -flow_target vitis' configuration: config_interface -m_axi_max_widen_bitwidth=512
INFO: [HLS 200-435] Setting 'open_solution -flow_target vitis' configuration: config_rtl -register_reset_num=3
INFO: [HLS 200-1510] Running: set_part xczu9eg-ffvb1156-2-e 
INFO: [HLS 200-1611] Setting target device to 'xczu9eg-ffvb1156-2-e'
INFO: [HLS 200-1510] Running: create_clock -period 150.000000MHz -name default 
INFO: [SYN 201-201] Setting up clock 'default' with a period of 6.667ns.
INFO: [HLS 200-1510] Running: config_rtl -kernel_profile 
INFO: [HLS 200-1510] Running: config_dataflow -strict_mode warning 
INFO: [HLS 200-1510] Running: config_debug -enable 
INFO: [HLS 200-1510] Running: config_export -disable_deadlock_detection=true 
INFO: [HLS 200-1510] Running: config_rtl -m_axi_conservative_mode=1 
WARNING: [HLS 200-483] The 'config_rtl -m_axi_conservative_mode' command is deprecated and will be removed in a future release. Use 'config_interface -m_axi_conservative_mode' as its replacement.
INFO: [HLS 200-1510] Running: config_interface -m_axi_addr64 
INFO: [HLS 200-1510] Running: config_interface -m_axi_auto_max_ports=0 
INFO: [HLS 200-1510] Running: config_export -format ip_catalog -ipname ydma 
INFO: [HLS 200-1510] Running: csynth_design -synthesis_check 
INFO: [HLS 200-111] Finished File checks and directory preparation: CPU user time: 0 seconds. CPU system time: 0 seconds. Elapsed time: 0 seconds; current allocated memory: 416.622 MB.
INFO: [HLS 200-10] Analyzing design file '/home/dopark/workspace/zcu102_tuning/prflow_riscv/input_src/rendering512/operators/data_transfer.cpp' ... 
WARNING: [HLS 207-5301] unused parameter 'rd': /tools/Xilinx/Vivado/2021.1/include/ap_int_base.h:1293:69
WARNING: [HLS 207-5301] unused parameter 'sign': /tools/Xilinx/Vivado/2021.1/include/ap_int_base.h:1293:82
WARNING: [HLS 207-5301] unused parameter 'radix': /tools/Xilinx/Vivado/2021.1/include/ap_int_ref.h:733:69
WARNING: [HLS 207-5301] unused parameter 'raw': /tools/Xilinx/Vivado/2021.1/include/ap_int.h:89:98
WARNING: [HLS 207-5301] unused parameter 'raw': /tools/Xilinx/Vivado/2021.1/include/ap_int.h:230:99
WARNING: [HLS 207-5301] unused parameter 'radix': /tools/Xilinx/Vivado/2021.1/include/ap_fixed_base.h:1763:71
WARNING: [HLS 207-5301] unused parameter 'sign': /tools/Xilinx/Vivado/2021.1/include/ap_fixed_base.h:1763:87
WARNING: [HLS 207-5301] unused parameter 'rd': /tools/Xilinx/Vivado/2021.1/include/ap_fixed_ref.h:633:69
WARNING: [HLS 207-5301] unused parameter 'raw': /tools/Xilinx/Vivado/2021.1/include/ap_fixed.h:120:100
WARNING: [HLS 207-5301] unused parameter 'raw': /tools/Xilinx/Vivado/2021.1/include/ap_fixed.h:285:101
INFO: [HLS 200-10] Analyzing design file '/home/dopark/workspace/zcu102_tuning/prflow_riscv/input_src/rendering512/operators/rasterization2_m.cpp' ... 
WARNING: [HLS 207-5535] Unsupported interface port data type in '#pragma HLS interface ap_hs': /home/dopark/workspace/zcu102_tuning/prflow_riscv/input_src/rendering512/operators/rasterization2_m.cpp:22:34
WARNING: [HLS 207-5535] Unsupported interface port data type in '#pragma HLS interface ap_hs': /home/dopark/workspace/zcu102_tuning/prflow_riscv/input_src/rendering512/operators/rasterization2_m.cpp:23:34
WARNING: [HLS 207-5535] Unsupported interface port data type in '#pragma HLS interface ap_hs': /home/dopark/workspace/zcu102_tuning/prflow_riscv/input_src/rendering512/operators/rasterization2_m.cpp:24:34
WARNING: [HLS 207-5535] Unsupported interface port data type in '#pragma HLS interface ap_hs': /home/dopark/workspace/zcu102_tuning/prflow_riscv/input_src/rendering512/operators/rasterization2_m.cpp:134:34
WARNING: [HLS 207-5535] Unsupported interface port data type in '#pragma HLS interface ap_hs': /home/dopark/workspace/zcu102_tuning/prflow_riscv/input_src/rendering512/operators/rasterization2_m.cpp:135:34
WARNING: [HLS 207-5535] Unsupported interface port data type in '#pragma HLS interface ap_hs': /home/dopark/workspace/zcu102_tuning/prflow_riscv/input_src/rendering512/operators/rasterization2_m.cpp:136:34
WARNING: [HLS 207-5301] unused parameter 'rd': /tools/Xilinx/Vivado/2021.1/include/ap_int_base.h:1293:69
WARNING: [HLS 207-5301] unused parameter 'sign': /tools/Xilinx/Vivado/2021.1/include/ap_int_base.h:1293:82
WARNING: [HLS 207-5301] unused parameter 'radix': /tools/Xilinx/Vivado/2021.1/include/ap_int_ref.h:733:69
WARNING: [HLS 207-5301] unused parameter 'raw': /tools/Xilinx/Vivado/2021.1/include/ap_int.h:89:98
WARNING: [HLS 207-5301] unused parameter 'raw': /tools/Xilinx/Vivado/2021.1/include/ap_int.h:230:99
WARNING: [HLS 207-5301] unused parameter 'radix': /tools/Xilinx/Vivado/2021.1/include/ap_fixed_base.h:1763:71
WARNING: [HLS 207-5301] unused parameter 'sign': /tools/Xilinx/Vivado/2021.1/include/ap_fixed_base.h:1763:87
WARNING: [HLS 207-5301] unused parameter 'rd': /tools/Xilinx/Vivado/2021.1/include/ap_fixed_ref.h:633:69
WARNING: [HLS 207-5301] unused parameter 'raw': /tools/Xilinx/Vivado/2021.1/include/ap_fixed.h:120:100
WARNING: [HLS 207-5301] unused parameter 'raw': /tools/Xilinx/Vivado/2021.1/include/ap_fixed.h:285:101
WARNING: [HLS 207-5535] Unsupported interface port data type in '#pragma HLS interface ap_hs': /home/dopark/workspace/zcu102_tuning/prflow_riscv/input_src/rendering512/operators/rasterization2_m.cpp:22:34
WARNING: [HLS 207-5535] Unsupported interface port data type in '#pragma HLS interface ap_hs': /home/dopark/workspace/zcu102_tuning/prflow_riscv/input_src/rendering512/operators/rasterization2_m.cpp:23:34
WARNING: [HLS 207-5535] Unsupported interface port data type in '#pragma HLS interface ap_hs': /home/dopark/workspace/zcu102_tuning/prflow_riscv/input_src/rendering512/operators/rasterization2_m.cpp:24:34
WARNING: [HLS 207-5535] Unsupported interface port data type in '#pragma HLS interface ap_hs': /home/dopark/workspace/zcu102_tuning/prflow_riscv/input_src/rendering512/operators/rasterization2_m.cpp:134:34
WARNING: [HLS 207-5535] Unsupported interface port data type in '#pragma HLS interface ap_hs': /home/dopark/workspace/zcu102_tuning/prflow_riscv/input_src/rendering512/operators/rasterization2_m.cpp:135:34
WARNING: [HLS 207-5535] Unsupported interface port data type in '#pragma HLS interface ap_hs': /home/dopark/workspace/zcu102_tuning/prflow_riscv/input_src/rendering512/operators/rasterization2_m.cpp:136:34
INFO: [HLS 200-10] Analyzing design file '/home/dopark/workspace/zcu102_tuning/prflow_riscv/input_src/rendering512/operators/data_redir_m.cpp' ... 
WARNING: [HLS 207-5301] unused parameter 'rd': /tools/Xilinx/Vivado/2021.1/include/ap_int_base.h:1293:69
WARNING: [HLS 207-5301] unused parameter 'sign': /tools/Xilinx/Vivado/2021.1/include/ap_int_base.h:1293:82
WARNING: [HLS 207-5301] unused parameter 'radix': /tools/Xilinx/Vivado/2021.1/include/ap_int_ref.h:733:69
WARNING: [HLS 207-5301] unused parameter 'raw': /tools/Xilinx/Vivado/2021.1/include/ap_int.h:89:98
WARNING: [HLS 207-5301] unused parameter 'raw': /tools/Xilinx/Vivado/2021.1/include/ap_int.h:230:99
WARNING: [HLS 207-5301] unused parameter 'radix': /tools/Xilinx/Vivado/2021.1/include/ap_fixed_base.h:1763:71
WARNING: [HLS 207-5301] unused parameter 'sign': /tools/Xilinx/Vivado/2021.1/include/ap_fixed_base.h:1763:87
WARNING: [HLS 207-5301] unused parameter 'rd': /tools/Xilinx/Vivado/2021.1/include/ap_fixed_ref.h:633:69
WARNING: [HLS 207-5301] unused parameter 'raw': /tools/Xilinx/Vivado/2021.1/include/ap_fixed.h:120:100
WARNING: [HLS 207-5301] unused parameter 'raw': /tools/Xilinx/Vivado/2021.1/include/ap_fixed.h:285:101
INFO: [HLS 200-10] Analyzing design file '/home/dopark/workspace/zcu102_tuning/prflow_riscv/input_src/rendering512/operators/coloringFB_top_m.cpp' ... 
WARNING: [HLS 207-5301] unused parameter 'rd': /tools/Xilinx/Vivado/2021.1/include/ap_int_base.h:1293:69
WARNING: [HLS 207-5301] unused parameter 'sign': /tools/Xilinx/Vivado/2021.1/include/ap_int_base.h:1293:82
WARNING: [HLS 207-5301] unused parameter 'radix': /tools/Xilinx/Vivado/2021.1/include/ap_int_ref.h:733:69
WARNING: [HLS 207-5301] unused parameter 'raw': /tools/Xilinx/Vivado/2021.1/include/ap_int.h:89:98
WARNING: [HLS 207-5301] unused parameter 'raw': /tools/Xilinx/Vivado/2021.1/include/ap_int.h:230:99
WARNING: [HLS 207-5301] unused parameter 'radix': /tools/Xilinx/Vivado/2021.1/include/ap_fixed_base.h:1763:71
WARNING: [HLS 207-5301] unused parameter 'sign': /tools/Xilinx/Vivado/2021.1/include/ap_fixed_base.h:1763:87
WARNING: [HLS 207-5301] unused parameter 'rd': /tools/Xilinx/Vivado/2021.1/include/ap_fixed_ref.h:633:69
WARNING: [HLS 207-5301] unused parameter 'raw': /tools/Xilinx/Vivado/2021.1/include/ap_fixed.h:120:100
WARNING: [HLS 207-5301] unused parameter 'raw': /tools/Xilinx/Vivado/2021.1/include/ap_fixed.h:285:101
INFO: [HLS 200-10] Analyzing design file '/home/dopark/workspace/zcu102_tuning/prflow_riscv/input_src/rendering512/operators/coloringFB_bot_m.cpp' ... 
WARNING: [HLS 207-5301] unused parameter 'rd': /tools/Xilinx/Vivado/2021.1/include/ap_int_base.h:1293:69
WARNING: [HLS 207-5301] unused parameter 'sign': /tools/Xilinx/Vivado/2021.1/include/ap_int_base.h:1293:82
WARNING: [HLS 207-5301] unused parameter 'radix': /tools/Xilinx/Vivado/2021.1/include/ap_int_ref.h:733:69
WARNING: [HLS 207-5301] unused parameter 'raw': /tools/Xilinx/Vivado/2021.1/include/ap_int.h:89:98
WARNING: [HLS 207-5301] unused parameter 'raw': /tools/Xilinx/Vivado/2021.1/include/ap_int.h:230:99
WARNING: [HLS 207-5301] unused parameter 'radix': /tools/Xilinx/Vivado/2021.1/include/ap_fixed_base.h:1763:71
WARNING: [HLS 207-5301] unused parameter 'sign': /tools/Xilinx/Vivado/2021.1/include/ap_fixed_base.h:1763:87
WARNING: [HLS 207-5301] unused parameter 'rd': /tools/Xilinx/Vivado/2021.1/include/ap_fixed_ref.h:633:69
WARNING: [HLS 207-5301] unused parameter 'raw': /tools/Xilinx/Vivado/2021.1/include/ap_fixed.h:120:100
WARNING: [HLS 207-5301] unused parameter 'raw': /tools/Xilinx/Vivado/2021.1/include/ap_fixed.h:285:101
INFO: [HLS 200-10] Analyzing design file '/home/dopark/workspace/zcu102_tuning/prflow_riscv/input_src/rendering512/operators/zculling_top.cpp' ... 
WARNING: [HLS 207-5301] unused parameter 'rd': /tools/Xilinx/Vivado/2021.1/include/ap_int_base.h:1293:69
WARNING: [HLS 207-5301] unused parameter 'sign': /tools/Xilinx/Vivado/2021.1/include/ap_int_base.h:1293:82
WARNING: [HLS 207-5301] unused parameter 'radix': /tools/Xilinx/Vivado/2021.1/include/ap_int_ref.h:733:69
WARNING: [HLS 207-5301] unused parameter 'raw': /tools/Xilinx/Vivado/2021.1/include/ap_int.h:89:98
WARNING: [HLS 207-5301] unused parameter 'raw': /tools/Xilinx/Vivado/2021.1/include/ap_int.h:230:99
WARNING: [HLS 207-5301] unused parameter 'radix': /tools/Xilinx/Vivado/2021.1/include/ap_fixed_base.h:1763:71
WARNING: [HLS 207-5301] unused parameter 'sign': /tools/Xilinx/Vivado/2021.1/include/ap_fixed_base.h:1763:87
WARNING: [HLS 207-5301] unused parameter 'rd': /tools/Xilinx/Vivado/2021.1/include/ap_fixed_ref.h:633:69
WARNING: [HLS 207-5301] unused parameter 'raw': /tools/Xilinx/Vivado/2021.1/include/ap_fixed.h:120:100
WARNING: [HLS 207-5301] unused parameter 'raw': /tools/Xilinx/Vivado/2021.1/include/ap_fixed.h:285:101
INFO: [HLS 200-10] Analyzing design file '/home/dopark/workspace/zcu102_tuning/prflow_riscv/input_src/rendering512/operators/zculling_bot.cpp' ... 
WARNING: [HLS 207-5301] unused parameter 'rd': /tools/Xilinx/Vivado/2021.1/include/ap_int_base.h:1293:69
WARNING: [HLS 207-5301] unused parameter 'sign': /tools/Xilinx/Vivado/2021.1/include/ap_int_base.h:1293:82
WARNING: [HLS 207-5301] unused parameter 'radix': /tools/Xilinx/Vivado/2021.1/include/ap_int_ref.h:733:69
WARNING: [HLS 207-5301] unused parameter 'raw': /tools/Xilinx/Vivado/2021.1/include/ap_int.h:89:98
WARNING: [HLS 207-5301] unused parameter 'raw': /tools/Xilinx/Vivado/2021.1/include/ap_int.h:230:99
WARNING: [HLS 207-5301] unused parameter 'radix': /tools/Xilinx/Vivado/2021.1/include/ap_fixed_base.h:1763:71
WARNING: [HLS 207-5301] unused parameter 'sign': /tools/Xilinx/Vivado/2021.1/include/ap_fixed_base.h:1763:87
WARNING: [HLS 207-5301] unused parameter 'rd': /tools/Xilinx/Vivado/2021.1/include/ap_fixed_ref.h:633:69
WARNING: [HLS 207-5301] unused parameter 'raw': /tools/Xilinx/Vivado/2021.1/include/ap_fixed.h:120:100
WARNING: [HLS 207-5301] unused parameter 'raw': /tools/Xilinx/Vivado/2021.1/include/ap_fixed.h:285:101
INFO: [HLS 200-10] Analyzing design file '/home/dopark/workspace/zcu102_tuning/prflow_riscv/input_src/rendering512/host/top.cpp' ... 
WARNING: [HLS 207-5535] Unsupported interface port data type in '#pragma HLS interface ap_hs': /home/dopark/workspace/zcu102_tuning/prflow_riscv/input_src/rendering512/host/top.cpp:64:34
WARNING: [HLS 207-5535] Unsupported interface port data type in '#pragma HLS interface ap_hs': /home/dopark/workspace/zcu102_tuning/prflow_riscv/input_src/rendering512/host/top.cpp:65:34
WARNING: [HLS 207-5301] unused parameter 'rd': /tools/Xilinx/Vivado/2021.1/include/ap_int_base.h:1293:69
WARNING: [HLS 207-5301] unused parameter 'sign': /tools/Xilinx/Vivado/2021.1/include/ap_int_base.h:1293:82
WARNING: [HLS 207-5301] unused parameter 'radix': /tools/Xilinx/Vivado/2021.1/include/ap_int_ref.h:733:69
WARNING: [HLS 207-5301] unused parameter 'raw': /tools/Xilinx/Vivado/2021.1/include/ap_int.h:89:98
WARNING: [HLS 207-5301] unused parameter 'raw': /tools/Xilinx/Vivado/2021.1/include/ap_int.h:230:99
WARNING: [HLS 207-5301] unused parameter 'radix': /tools/Xilinx/Vivado/2021.1/include/ap_fixed_base.h:1763:71
WARNING: [HLS 207-5301] unused parameter 'sign': /tools/Xilinx/Vivado/2021.1/include/ap_fixed_base.h:1763:87
WARNING: [HLS 207-5301] unused parameter 'rd': /tools/Xilinx/Vivado/2021.1/include/ap_fixed_ref.h:633:69
WARNING: [HLS 207-5301] unused parameter 'raw': /tools/Xilinx/Vivado/2021.1/include/ap_fixed.h:120:100
WARNING: [HLS 207-5301] unused parameter 'raw': /tools/Xilinx/Vivado/2021.1/include/ap_fixed.h:285:101
WARNING: [HLS 207-1017] unknown pragma ignored: /home/dopark/workspace/zcu102_tuning/prflow_riscv/input_src/rendering512/host/../operators/data_redir_m.h:7:9
WARNING: [HLS 207-1017] unknown pragma ignored: /home/dopark/workspace/zcu102_tuning/prflow_riscv/input_src/rendering512/host/../operators/data_redir_m.h:8:9
WARNING: [HLS 207-1017] unknown pragma ignored: /home/dopark/workspace/zcu102_tuning/prflow_riscv/input_src/rendering512/host/../operators/data_transfer.h:6:9
WARNING: [HLS 207-1017] unknown pragma ignored: /home/dopark/workspace/zcu102_tuning/prflow_riscv/input_src/rendering512/host/../operators/data_transfer.h:7:9
WARNING: [HLS 207-1017] unknown pragma ignored: /home/dopark/workspace/zcu102_tuning/prflow_riscv/input_src/rendering512/host/../operators/rasterization2_m.h:10:9
WARNING: [HLS 207-1017] unknown pragma ignored: /home/dopark/workspace/zcu102_tuning/prflow_riscv/input_src/rendering512/host/../operators/rasterization2_m.h:11:9
WARNING: [HLS 207-1017] unknown pragma ignored: /home/dopark/workspace/zcu102_tuning/prflow_riscv/input_src/rendering512/host/../operators/zculling_top.h:7:9
WARNING: [HLS 207-1017] unknown pragma ignored: /home/dopark/workspace/zcu102_tuning/prflow_riscv/input_src/rendering512/host/../operators/zculling_top.h:8:9
WARNING: [HLS 207-1017] unknown pragma ignored: /home/dopark/workspace/zcu102_tuning/prflow_riscv/input_src/rendering512/host/../operators/zculling_bot.h:7:9
WARNING: [HLS 207-1017] unknown pragma ignored: /home/dopark/workspace/zcu102_tuning/prflow_riscv/input_src/rendering512/host/../operators/zculling_bot.h:8:9
WARNING: [HLS 207-1017] unknown pragma ignored: /home/dopark/workspace/zcu102_tuning/prflow_riscv/input_src/rendering512/host/../operators/coloringFB_bot_m.h:6:9
WARNING: [HLS 207-1017] unknown pragma ignored: /home/dopark/workspace/zcu102_tuning/prflow_riscv/input_src/rendering512/host/../operators/coloringFB_bot_m.h:7:9
WARNING: [HLS 207-1017] unknown pragma ignored: /home/dopark/workspace/zcu102_tuning/prflow_riscv/input_src/rendering512/host/../operators/coloringFB_top_m.h:6:9
WARNING: [HLS 207-1017] unknown pragma ignored: /home/dopark/workspace/zcu102_tuning/prflow_riscv/input_src/rendering512/host/../operators/coloringFB_top_m.h:7:9
WARNING: [HLS 207-5301] unused parameter 'Output_2': /home/dopark/workspace/zcu102_tuning/prflow_riscv/input_src/rendering512/host/top.cpp:24:33
WARNING: [HLS 207-5535] Unsupported interface port data type in '#pragma HLS interface ap_hs': /home/dopark/workspace/zcu102_tuning/prflow_riscv/input_src/rendering512/host/top.cpp:64:34
WARNING: [HLS 207-5535] Unsupported interface port data type in '#pragma HLS interface ap_hs': /home/dopark/workspace/zcu102_tuning/prflow_riscv/input_src/rendering512/host/top.cpp:65:34
INFO: [HLS 200-111] Finished Source Code Analysis and Preprocessing: CPU user time: 25.03 seconds. CPU system time: 1.71 seconds. Elapsed time: 26.76 seconds; current allocated memory: 419.287 MB.
INFO: [HLS 200-777] Using interface defaults for 'Vitis' flow target.
INFO: [HLS 214-279] Initial Interval estimation mode is set into default.
INFO: [HLS 214-284] Auto array partition mode is set into default.
INFO: [HLS 214-178] Inlining function 'bool std::operator==<ap_uint<32>, ap_uint<32>&, ap_uint<32>*>(std::_Deque_iterator<ap_uint<32>, ap_uint<32>&, ap_uint<32>*> const&, std::_Deque_iterator<ap_uint<32>, ap_uint<32>&, ap_uint<32>*> const&)' into 'std::deque<ap_uint<32>, std::allocator<ap_uint<32> > >::empty() const' (/tools/Xilinx/Vitis_HLS/2021.1/tps/lnx64/gcc-6.2.0/lib/gcc/x86_64-pc-linux-gnu/6.2.0/../../../../include/c++/6.2.0/bits/stl_deque.h:1351:0)
INFO: [HLS 214-178] Inlining function 'std::_Deque_iterator<ap_uint<32>, ap_uint<32>&, ap_uint<32>*>::_Deque_iterator(std::_Deque_iterator<ap_uint<32>, ap_uint<32>&, ap_uint<32>*> const&)' into 'std::deque<ap_uint<32>, std::allocator<ap_uint<32> > >::begin()' (/tools/Xilinx/Vitis_HLS/2021.1/tps/lnx64/gcc-6.2.0/lib/gcc/x86_64-pc-linux-gnu/6.2.0/../../../../include/c++/6.2.0/bits/stl_deque.h:1160:0)
INFO: [HLS 214-178] Inlining function 'std::_Deque_iterator<ap_uint<32>, ap_uint<32>&, ap_uint<32>*>::_Deque_iterator(std::_Deque_iterator<ap_uint<32>, ap_uint<32>&, ap_uint<32>*> const&)' into 'std::deque<ap_uint<32>, std::allocator<ap_uint<32> > >::end()' (/tools/Xilinx/Vitis_HLS/2021.1/tps/lnx64/gcc-6.2.0/lib/gcc/x86_64-pc-linux-gnu/6.2.0/../../../../include/c++/6.2.0/bits/stl_deque.h:1177:0)
INFO: [HLS 214-178] Inlining function '__gnu_cxx::new_allocator<ap_uint<32> >::deallocate(ap_uint<32>*, unsigned long)' into 'std::allocator_traits<std::allocator<ap_uint<32> > >::deallocate(std::allocator<ap_uint<32> >&, ap_uint<32>*, unsigned long)' (/tools/Xilinx/Vitis_HLS/2021.1/tps/lnx64/gcc-6.2.0/lib/gcc/x86_64-pc-linux-gnu/6.2.0/../../../../include/c++/6.2.0/bits/alloc_traits.h:442:0)
INFO: [HLS 214-178] Inlining function 'std::allocator_traits<std::allocator<ap_uint<32> > >::deallocate(std::allocator<ap_uint<32> >&, ap_uint<32>*, unsigned long)' into 'std::_Deque_base<ap_uint<32>, std::allocator<ap_uint<32> > >::_M_deallocate_node(ap_uint<32>*)' (/tools/Xilinx/Vitis_HLS/2021.1/tps/lnx64/gcc-6.2.0/lib/gcc/x86_64-pc-linux-gnu/6.2.0/../../../../include/c++/6.2.0/bits/stl_deque.h:605:0)
INFO: [HLS 214-178] Inlining function 'std::_Deque_base<ap_uint<32>, std::allocator<ap_uint<32> > >::_M_deallocate_node(ap_uint<32>*)' into 'std::_Deque_base<ap_uint<32>, std::allocator<ap_uint<32> > >::_M_destroy_nodes(ap_uint<32>**, ap_uint<32>**)' (/tools/Xilinx/Vitis_HLS/2021.1/tps/lnx64/gcc-6.2.0/lib/gcc/x86_64-pc-linux-gnu/6.2.0/../../../../include/c++/6.2.0/bits/stl_deque.h:739:0)
INFO: [HLS 214-178] Inlining function '__gnu_cxx::new_allocator<ap_uint<32>*>::deallocate(ap_uint<32>**, unsigned long)' into 'std::allocator_traits<std::allocator<ap_uint<32>*> >::deallocate(std::allocator<ap_uint<32>*>&, ap_uint<32>**, unsigned long)' (/tools/Xilinx/Vitis_HLS/2021.1/tps/lnx64/gcc-6.2.0/lib/gcc/x86_64-pc-linux-gnu/6.2.0/../../../../include/c++/6.2.0/bits/alloc_traits.h:442:0)
INFO: [HLS 214-178] Inlining function 'std::allocator_traits<std::allocator<ap_uint<32>*> >::deallocate(std::allocator<ap_uint<32>*>&, ap_uint<32>**, unsigned long)' into 'std::_Deque_base<ap_uint<32>, std::allocator<ap_uint<32> > >::_M_deallocate_map(ap_uint<32>**, unsigned long)' (/tools/Xilinx/Vitis_HLS/2021.1/tps/lnx64/gcc-6.2.0/lib/gcc/x86_64-pc-linux-gnu/6.2.0/../../../../include/c++/6.2.0/bits/stl_deque.h:619:0)
INFO: [HLS 214-178] Inlining function 'std::_Deque_base<ap_uint<32>, std::allocator<ap_uint<32> > >::_M_destroy_nodes(ap_uint<32>**, ap_uint<32>**)' into 'std::_Deque_base<ap_uint<32>, std::allocator<ap_uint<32> > >::~_Deque_base()' (/tools/Xilinx/Vitis_HLS/2021.1/tps/lnx64/gcc-6.2.0/lib/gcc/x86_64-pc-linux-gnu/6.2.0/../../../../include/c++/6.2.0/bits/stl_deque.h:660:0)
INFO: [HLS 214-178] Inlining function 'std::_Deque_base<ap_uint<32>, std::allocator<ap_uint<32> > >::_M_deallocate_map(ap_uint<32>**, unsigned long)' into 'std::_Deque_base<ap_uint<32>, std::allocator<ap_uint<32> > >::~_Deque_base()' (/tools/Xilinx/Vitis_HLS/2021.1/tps/lnx64/gcc-6.2.0/lib/gcc/x86_64-pc-linux-gnu/6.2.0/../../../../include/c++/6.2.0/bits/stl_deque.h:660:0)
INFO: [HLS 214-178] Inlining function 'std::deque<ap_uint<32>, std::allocator<ap_uint<32> > >::begin()' into 'std::deque<ap_uint<32>, std::allocator<ap_uint<32> > >::~deque()' (/tools/Xilinx/Vitis_HLS/2021.1/tps/lnx64/gcc-6.2.0/lib/gcc/x86_64-pc-linux-gnu/6.2.0/../../../../include/c++/6.2.0/bits/stl_deque.h:1041:0)
INFO: [HLS 214-178] Inlining function 'std::deque<ap_uint<32>, std::allocator<ap_uint<32> > >::end()' into 'std::deque<ap_uint<32>, std::allocator<ap_uint<32> > >::~deque()' (/tools/Xilinx/Vitis_HLS/2021.1/tps/lnx64/gcc-6.2.0/lib/gcc/x86_64-pc-linux-gnu/6.2.0/../../../../include/c++/6.2.0/bits/stl_deque.h:1041:0)
INFO: [HLS 214-178] Inlining function 'std::_Deque_base<ap_uint<32>, std::allocator<ap_uint<32> > >::~_Deque_base()' into 'std::deque<ap_uint<32>, std::allocator<ap_uint<32> > >::~deque()' (/tools/Xilinx/Vitis_HLS/2021.1/tps/lnx64/gcc-6.2.0/lib/gcc/x86_64-pc-linux-gnu/6.2.0/../../../../include/c++/6.2.0/bits/stl_deque.h:1041:0)
INFO: [HLS 214-178] Inlining function 'std::deque<ap_uint<32>, std::allocator<ap_uint<32> > >::empty() const' into 'hls::stream<ap_uint<32>, 0>::~stream()' (/tools/Xilinx/Vivado/2021.1/include/hls_stream.h:165:0)
INFO: [HLS 214-178] Inlining function 'std::deque<ap_uint<32>, std::allocator<ap_uint<32> > >::~deque()' into 'hls::stream<ap_uint<32>, 0>::~stream()' (/tools/Xilinx/Vivado/2021.1/include/hls_stream.h:165:0)
INFO: [HLS 214-178] Inlining function 'bool std::operator==<ap_uint<128>, ap_uint<128>&, ap_uint<128>*>(std::_Deque_iterator<ap_uint<128>, ap_uint<128>&, ap_uint<128>*> const&, std::_Deque_iterator<ap_uint<128>, ap_uint<128>&, ap_uint<128>*> const&)' into 'std::deque<ap_uint<128>, std::allocator<ap_uint<128> > >::empty() const' (/tools/Xilinx/Vitis_HLS/2021.1/tps/lnx64/gcc-6.2.0/lib/gcc/x86_64-pc-linux-gnu/6.2.0/../../../../include/c++/6.2.0/bits/stl_deque.h:1351:0)
INFO: [HLS 214-178] Inlining function 'std::_Deque_iterator<ap_uint<128>, ap_uint<128>&, ap_uint<128>*>::_Deque_iterator(std::_Deque_iterator<ap_uint<128>, ap_uint<128>&, ap_uint<128>*> const&)' into 'std::deque<ap_uint<128>, std::allocator<ap_uint<128> > >::begin()' (/tools/Xilinx/Vitis_HLS/2021.1/tps/lnx64/gcc-6.2.0/lib/gcc/x86_64-pc-linux-gnu/6.2.0/../../../../include/c++/6.2.0/bits/stl_deque.h:1160:0)
INFO: [HLS 214-178] Inlining function 'std::_Deque_iterator<ap_uint<128>, ap_uint<128>&, ap_uint<128>*>::_Deque_iterator(std::_Deque_iterator<ap_uint<128>, ap_uint<128>&, ap_uint<128>*> const&)' into 'std::deque<ap_uint<128>, std::allocator<ap_uint<128> > >::end()' (/tools/Xilinx/Vitis_HLS/2021.1/tps/lnx64/gcc-6.2.0/lib/gcc/x86_64-pc-linux-gnu/6.2.0/../../../../include/c++/6.2.0/bits/stl_deque.h:1177:0)
INFO: [HLS 214-178] Inlining function '__gnu_cxx::new_allocator<ap_uint<128> >::deallocate(ap_uint<128>*, unsigned long)' into 'std::allocator_traits<std::allocator<ap_uint<128> > >::deallocate(std::allocator<ap_uint<128> >&, ap_uint<128>*, unsigned long)' (/tools/Xilinx/Vitis_HLS/2021.1/tps/lnx64/gcc-6.2.0/lib/gcc/x86_64-pc-linux-gnu/6.2.0/../../../../include/c++/6.2.0/bits/alloc_traits.h:442:0)
INFO: [HLS 214-178] Inlining function 'std::allocator_traits<std::allocator<ap_uint<128> > >::deallocate(std::allocator<ap_uint<128> >&, ap_uint<128>*, unsigned long)' into 'std::_Deque_base<ap_uint<128>, std::allocator<ap_uint<128> > >::_M_deallocate_node(ap_uint<128>*)' (/tools/Xilinx/Vitis_HLS/2021.1/tps/lnx64/gcc-6.2.0/lib/gcc/x86_64-pc-linux-gnu/6.2.0/../../../../include/c++/6.2.0/bits/stl_deque.h:605:0)
INFO: [HLS 214-178] Inlining function 'std::_Deque_base<ap_uint<128>, std::allocator<ap_uint<128> > >::_M_deallocate_node(ap_uint<128>*)' into 'std::_Deque_base<ap_uint<128>, std::allocator<ap_uint<128> > >::_M_destroy_nodes(ap_uint<128>**, ap_uint<128>**)' (/tools/Xilinx/Vitis_HLS/2021.1/tps/lnx64/gcc-6.2.0/lib/gcc/x86_64-pc-linux-gnu/6.2.0/../../../../include/c++/6.2.0/bits/stl_deque.h:739:0)
INFO: [HLS 214-178] Inlining function '__gnu_cxx::new_allocator<ap_uint<128>*>::deallocate(ap_uint<128>**, unsigned long)' into 'std::allocator_traits<std::allocator<ap_uint<128>*> >::deallocate(std::allocator<ap_uint<128>*>&, ap_uint<128>**, unsigned long)' (/tools/Xilinx/Vitis_HLS/2021.1/tps/lnx64/gcc-6.2.0/lib/gcc/x86_64-pc-linux-gnu/6.2.0/../../../../include/c++/6.2.0/bits/alloc_traits.h:442:0)
INFO: [HLS 214-178] Inlining function 'std::allocator_traits<std::allocator<ap_uint<128>*> >::deallocate(std::allocator<ap_uint<128>*>&, ap_uint<128>**, unsigned long)' into 'std::_Deque_base<ap_uint<128>, std::allocator<ap_uint<128> > >::_M_deallocate_map(ap_uint<128>**, unsigned long)' (/tools/Xilinx/Vitis_HLS/2021.1/tps/lnx64/gcc-6.2.0/lib/gcc/x86_64-pc-linux-gnu/6.2.0/../../../../include/c++/6.2.0/bits/stl_deque.h:619:0)
INFO: [HLS 214-178] Inlining function 'std::_Deque_base<ap_uint<128>, std::allocator<ap_uint<128> > >::_M_destroy_nodes(ap_uint<128>**, ap_uint<128>**)' into 'std::_Deque_base<ap_uint<128>, std::allocator<ap_uint<128> > >::~_Deque_base()' (/tools/Xilinx/Vitis_HLS/2021.1/tps/lnx64/gcc-6.2.0/lib/gcc/x86_64-pc-linux-gnu/6.2.0/../../../../include/c++/6.2.0/bits/stl_deque.h:660:0)
INFO: [HLS 214-178] Inlining function 'std::_Deque_base<ap_uint<128>, std::allocator<ap_uint<128> > >::_M_deallocate_map(ap_uint<128>**, unsigned long)' into 'std::_Deque_base<ap_uint<128>, std::allocator<ap_uint<128> > >::~_Deque_base()' (/tools/Xilinx/Vitis_HLS/2021.1/tps/lnx64/gcc-6.2.0/lib/gcc/x86_64-pc-linux-gnu/6.2.0/../../../../include/c++/6.2.0/bits/stl_deque.h:660:0)
INFO: [HLS 214-178] Inlining function 'std::deque<ap_uint<128>, std::allocator<ap_uint<128> > >::begin()' into 'std::deque<ap_uint<128>, std::allocator<ap_uint<128> > >::~deque()' (/tools/Xilinx/Vitis_HLS/2021.1/tps/lnx64/gcc-6.2.0/lib/gcc/x86_64-pc-linux-gnu/6.2.0/../../../../include/c++/6.2.0/bits/stl_deque.h:1041:0)
INFO: [HLS 214-178] Inlining function 'std::deque<ap_uint<128>, std::allocator<ap_uint<128> > >::end()' into 'std::deque<ap_uint<128>, std::allocator<ap_uint<128> > >::~deque()' (/tools/Xilinx/Vitis_HLS/2021.1/tps/lnx64/gcc-6.2.0/lib/gcc/x86_64-pc-linux-gnu/6.2.0/../../../../include/c++/6.2.0/bits/stl_deque.h:1041:0)
INFO: [HLS 214-178] Inlining function 'std::_Deque_base<ap_uint<128>, std::allocator<ap_uint<128> > >::~_Deque_base()' into 'std::deque<ap_uint<128>, std::allocator<ap_uint<128> > >::~deque()' (/tools/Xilinx/Vitis_HLS/2021.1/tps/lnx64/gcc-6.2.0/lib/gcc/x86_64-pc-linux-gnu/6.2.0/../../../../include/c++/6.2.0/bits/stl_deque.h:1041:0)
INFO: [HLS 214-178] Inlining function 'std::deque<ap_uint<128>, std::allocator<ap_uint<128> > >::empty() const' into 'hls::stream<ap_uint<128>, 0>::~stream()' (/tools/Xilinx/Vivado/2021.1/include/hls_stream.h:165:0)
INFO: [HLS 214-178] Inlining function 'std::deque<ap_uint<128>, std::allocator<ap_uint<128> > >::~deque()' into 'hls::stream<ap_uint<128>, 0>::~stream()' (/tools/Xilinx/Vivado/2021.1/include/hls_stream.h:165:0)
INFO: [HLS 214-178] Inlining function 'std::_Deque_iterator<ap_uint<512>, ap_uint<512>&, ap_uint<512>*>::_Deque_iterator()' into 'std::_Deque_base<ap_uint<512>, std::allocator<ap_uint<512> > >::_Deque_impl::_Deque_impl()' (/tools/Xilinx/Vitis_HLS/2021.1/tps/lnx64/gcc-6.2.0/lib/gcc/x86_64-pc-linux-gnu/6.2.0/../../../../include/c++/6.2.0/bits/stl_deque.h:558:0)
INFO: [HLS 214-178] Inlining function '__gnu_cxx::new_allocator<ap_uint<512>*>::allocate(unsigned long, void const*)' into 'std::allocator_traits<std::allocator<ap_uint<512>*> >::allocate(std::allocator<ap_uint<512>*>&, unsigned long)' (/tools/Xilinx/Vitis_HLS/2021.1/tps/lnx64/gcc-6.2.0/lib/gcc/x86_64-pc-linux-gnu/6.2.0/../../../../include/c++/6.2.0/bits/alloc_traits.h:416:0)
INFO: [HLS 214-178] Inlining function 'std::allocator_traits<std::allocator<ap_uint<512>*> >::allocate(std::allocator<ap_uint<512>*>&, unsigned long)' into 'std::_Deque_base<ap_uint<512>, std::allocator<ap_uint<512> > >::_M_allocate_map(unsigned long)' (/tools/Xilinx/Vitis_HLS/2021.1/tps/lnx64/gcc-6.2.0/lib/gcc/x86_64-pc-linux-gnu/6.2.0/../../../../include/c++/6.2.0/bits/stl_deque.h:612:0)
INFO: [HLS 214-178] Inlining function '__gnu_cxx::new_allocator<ap_uint<512> >::allocate(unsigned long, void const*)' into 'std::allocator_traits<std::allocator<ap_uint<512> > >::allocate(std::allocator<ap_uint<512> >&, unsigned long)' (/tools/Xilinx/Vitis_HLS/2021.1/tps/lnx64/gcc-6.2.0/lib/gcc/x86_64-pc-linux-gnu/6.2.0/../../../../include/c++/6.2.0/bits/alloc_traits.h:416:0)
INFO: [HLS 214-178] Inlining function 'std::__deque_buf_size(unsigned long)' into 'std::_Deque_base<ap_uint<512>, std::allocator<ap_uint<512> > >::_M_allocate_node()' (/tools/Xilinx/Vitis_HLS/2021.1/tps/lnx64/gcc-6.2.0/lib/gcc/x86_64-pc-linux-gnu/6.2.0/../../../../include/c++/6.2.0/bits/stl_deque.h:598:0)
INFO: [HLS 214-178] Inlining function 'std::allocator_traits<std::allocator<ap_uint<512> > >::allocate(std::allocator<ap_uint<512> >&, unsigned long)' into 'std::_Deque_base<ap_uint<512>, std::allocator<ap_uint<512> > >::_M_allocate_node()' (/tools/Xilinx/Vitis_HLS/2021.1/tps/lnx64/gcc-6.2.0/lib/gcc/x86_64-pc-linux-gnu/6.2.0/../../../../include/c++/6.2.0/bits/stl_deque.h:598:0)
INFO: [HLS 214-178] Inlining function 'std::_Deque_base<ap_uint<512>, std::allocator<ap_uint<512> > >::_M_allocate_node()' into 'std::_Deque_base<ap_uint<512>, std::allocator<ap_uint<512> > >::_M_create_nodes(ap_uint<512>**, ap_uint<512>**)' (/tools/Xilinx/Vitis_HLS/2021.1/tps/lnx64/gcc-6.2.0/lib/gcc/x86_64-pc-linux-gnu/6.2.0/../../../../include/c++/6.2.0/bits/stl_deque.h:720:0)
INFO: [HLS 214-178] Inlining function 'std::__deque_buf_size(unsigned long)' into 'std::_Deque_iterator<ap_uint<512>, ap_uint<512>&, ap_uint<512>*>::_S_buffer_size()' (/tools/Xilinx/Vitis_HLS/2021.1/tps/lnx64/gcc-6.2.0/lib/gcc/x86_64-pc-linux-gnu/6.2.0/../../../../include/c++/6.2.0/bits/stl_deque.h:127:0)
INFO: [HLS 214-178] Inlining function 'std::_Deque_iterator<ap_uint<512>, ap_uint<512>&, ap_uint<512>*>::_S_buffer_size()' into 'std::_Deque_iterator<ap_uint<512>, ap_uint<512>&, ap_uint<512>*>::_M_set_node(ap_uint<512>**)' (/tools/Xilinx/Vitis_HLS/2021.1/tps/lnx64/gcc-6.2.0/lib/gcc/x86_64-pc-linux-gnu/6.2.0/../../../../include/c++/6.2.0/bits/stl_deque.h:253:0)
INFO: [HLS 214-178] Inlining function 'unsigned long const& std::max<unsigned long>(unsigned long const&, unsigned long const&)' into 'std::_Deque_base<ap_uint<512>, std::allocator<ap_uint<512> > >::_M_initialize_map(unsigned long)' (/tools/Xilinx/Vitis_HLS/2021.1/tps/lnx64/gcc-6.2.0/lib/gcc/x86_64-pc-linux-gnu/6.2.0/../../../../include/c++/6.2.0/bits/stl_deque.h:681:0)
INFO: [HLS 214-178] Inlining function 'std::_Deque_base<ap_uint<512>, std::allocator<ap_uint<512> > >::_M_allocate_map(unsigned long)' into 'std::_Deque_base<ap_uint<512>, std::allocator<ap_uint<512> > >::_M_initialize_map(unsigned long)' (/tools/Xilinx/Vitis_HLS/2021.1/tps/lnx64/gcc-6.2.0/lib/gcc/x86_64-pc-linux-gnu/6.2.0/../../../../include/c++/6.2.0/bits/stl_deque.h:681:0)
INFO: [HLS 214-178] Inlining function 'std::_Deque_base<ap_uint<512>, std::allocator<ap_uint<512> > >::_M_create_nodes(ap_uint<512>**, ap_uint<512>**)' into 'std::_Deque_base<ap_uint<512>, std::allocator<ap_uint<512> > >::_M_initialize_map(unsigned long)' (/tools/Xilinx/Vitis_HLS/2021.1/tps/lnx64/gcc-6.2.0/lib/gcc/x86_64-pc-linux-gnu/6.2.0/../../../../include/c++/6.2.0/bits/stl_deque.h:681:0)
INFO: [HLS 214-178] Inlining function 'std::_Deque_iterator<ap_uint<512>, ap_uint<512>&, ap_uint<512>*>::_M_set_node(ap_uint<512>**)' into 'std::_Deque_base<ap_uint<512>, std::allocator<ap_uint<512> > >::_M_initialize_map(unsigned long)' (/tools/Xilinx/Vitis_HLS/2021.1/tps/lnx64/gcc-6.2.0/lib/gcc/x86_64-pc-linux-gnu/6.2.0/../../../../include/c++/6.2.0/bits/stl_deque.h:681:0)
INFO: [HLS 214-178] Inlining function 'std::_Deque_base<ap_uint<512>, std::allocator<ap_uint<512> > >::_Deque_impl::_Deque_impl()' into 'std::_Deque_base<ap_uint<512>, std::allocator<ap_uint<512> > >::_Deque_base()' (/tools/Xilinx/Vitis_HLS/2021.1/tps/lnx64/gcc-6.2.0/lib/gcc/x86_64-pc-linux-gnu/6.2.0/../../../../include/c++/6.2.0/bits/stl_deque.h:490:0)
INFO: [HLS 214-178] Inlining function 'std::_Deque_base<ap_uint<512>, std::allocator<ap_uint<512> > >::_M_initialize_map(unsigned long)' into 'std::_Deque_base<ap_uint<512>, std::allocator<ap_uint<512> > >::_Deque_base()' (/tools/Xilinx/Vitis_HLS/2021.1/tps/lnx64/gcc-6.2.0/lib/gcc/x86_64-pc-linux-gnu/6.2.0/../../../../include/c++/6.2.0/bits/stl_deque.h:490:0)
INFO: [HLS 214-178] Inlining function 'std::_Deque_base<ap_uint<512>, std::allocator<ap_uint<512> > >::_Deque_base()' into 'std::deque<ap_uint<512>, std::allocator<ap_uint<512> > >::deque()' (/tools/Xilinx/Vitis_HLS/2021.1/tps/lnx64/gcc-6.2.0/lib/gcc/x86_64-pc-linux-gnu/6.2.0/../../../../include/c++/6.2.0/bits/stl_deque.h:884:0)
INFO: [HLS 214-178] Inlining function 'std::deque<ap_uint<512>, std::allocator<ap_uint<512> > >::deque()' into 'hls::stream<ap_uint<512>, 0>::stream(std::__cxx11::basic_string<char, std::char_traits<char>, std::allocator<char> >)' (/tools/Xilinx/Vivado/2021.1/include/hls_stream.h:133:0)
INFO: [HLS 214-178] Inlining function 'ap_uint<512> const& std::forward<ap_uint<512> const&>(std::remove_reference<ap_uint<512> const&>::type&)' into 'void __gnu_cxx::new_allocator<ap_uint<512> >::construct<ap_uint<512>, ap_uint<512> const&>(ap_uint<512>*, ap_uint<512> const&)' (/tools/Xilinx/Vitis_HLS/2021.1/tps/lnx64/gcc-6.2.0/lib/gcc/x86_64-pc-linux-gnu/6.2.0/../../../../include/c++/6.2.0/ext/new_allocator.h:120:0)
INFO: [HLS 214-178] Inlining function 'ap_uint<512> const& std::forward<ap_uint<512> const&>(std::remove_reference<ap_uint<512> const&>::type&)' into 'void std::allocator_traits<std::allocator<ap_uint<512> > >::construct<ap_uint<512>, ap_uint<512> const&>(std::allocator<ap_uint<512> >&, ap_uint<512>*, ap_uint<512> const&)' (/tools/Xilinx/Vitis_HLS/2021.1/tps/lnx64/gcc-6.2.0/lib/gcc/x86_64-pc-linux-gnu/6.2.0/../../../../include/c++/6.2.0/bits/alloc_traits.h:455:0)
INFO: [HLS 214-178] Inlining function 'void __gnu_cxx::new_allocator<ap_uint<512> >::construct<ap_uint<512>, ap_uint<512> const&>(ap_uint<512>*, ap_uint<512> const&)' into 'void std::allocator_traits<std::allocator<ap_uint<512> > >::construct<ap_uint<512>, ap_uint<512> const&>(std::allocator<ap_uint<512> >&, ap_uint<512>*, ap_uint<512> const&)' (/tools/Xilinx/Vitis_HLS/2021.1/tps/lnx64/gcc-6.2.0/lib/gcc/x86_64-pc-linux-gnu/6.2.0/../../../../include/c++/6.2.0/bits/alloc_traits.h:455:0)
INFO: [HLS 214-178] Inlining function 'ap_uint<512>** std::__copy_move<false, true, std::random_access_iterator_tag>::__copy_m<ap_uint<512>*>(ap_uint<512>* const*, ap_uint<512>* const*, ap_uint<512>**)' into 'ap_uint<512>** std::__copy_move_a<false, ap_uint<512>**, ap_uint<512>**>(ap_uint<512>**, ap_uint<512>**, ap_uint<512>**)' (/tools/Xilinx/Vitis_HLS/2021.1/tps/lnx64/gcc-6.2.0/lib/gcc/x86_64-pc-linux-gnu/6.2.0/../../../../include/c++/6.2.0/bits/stl_algobase.h:376:0)
INFO: [HLS 214-178] Inlining function 'ap_uint<512>** std::__niter_base<ap_uint<512>**>(ap_uint<512>**)' into 'ap_uint<512>** std::__copy_move_a2<false, ap_uint<512>**, ap_uint<512>**>(ap_uint<512>**, ap_uint<512>**, ap_uint<512>**)' (/tools/Xilinx/Vitis_HLS/2021.1/tps/lnx64/gcc-6.2.0/lib/gcc/x86_64-pc-linux-gnu/6.2.0/../../../../include/c++/6.2.0/bits/stl_algobase.h:421:0)
INFO: [HLS 214-178] Inlining function 'ap_uint<512>** std::__copy_move_a<false, ap_uint<512>**, ap_uint<512>**>(ap_uint<512>**, ap_uint<512>**, ap_uint<512>**)' into 'ap_uint<512>** std::__copy_move_a2<false, ap_uint<512>**, ap_uint<512>**>(ap_uint<512>**, ap_uint<512>**, ap_uint<512>**)' (/tools/Xilinx/Vitis_HLS/2021.1/tps/lnx64/gcc-6.2.0/lib/gcc/x86_64-pc-linux-gnu/6.2.0/../../../../include/c++/6.2.0/bits/stl_algobase.h:421:0)
INFO: [HLS 214-178] Inlining function 'ap_uint<512>** std::__miter_base<ap_uint<512>**>(ap_uint<512>**)' into 'ap_uint<512>** std::copy<ap_uint<512>**, ap_uint<512>**>(ap_uint<512>**, ap_uint<512>**, ap_uint<512>**)' (/tools/Xilinx/Vitis_HLS/2021.1/tps/lnx64/gcc-6.2.0/lib/gcc/x86_64-pc-linux-gnu/6.2.0/../../../../include/c++/6.2.0/bits/stl_algobase.h:447:0)
INFO: [HLS 214-178] Inlining function 'ap_uint<512>** std::__copy_move_a2<false, ap_uint<512>**, ap_uint<512>**>(ap_uint<512>**, ap_uint<512>**, ap_uint<512>**)' into 'ap_uint<512>** std::copy<ap_uint<512>**, ap_uint<512>**>(ap_uint<512>**, ap_uint<512>**, ap_uint<512>**)' (/tools/Xilinx/Vitis_HLS/2021.1/tps/lnx64/gcc-6.2.0/lib/gcc/x86_64-pc-linux-gnu/6.2.0/../../../../include/c++/6.2.0/bits/stl_algobase.h:447:0)
INFO: [HLS 214-178] Inlining function 'ap_uint<512>** std::__copy_move_backward<false, true, std::random_access_iterator_tag>::__copy_move_b<ap_uint<512>*>(ap_uint<512>* const*, ap_uint<512>* const*, ap_uint<512>**)' into 'ap_uint<512>** std::__copy_move_backward_a<false, ap_uint<512>**, ap_uint<512>**>(ap_uint<512>**, ap_uint<512>**, ap_uint<512>**)' (/tools/Xilinx/Vitis_HLS/2021.1/tps/lnx64/gcc-6.2.0/lib/gcc/x86_64-pc-linux-gnu/6.2.0/../../../../include/c++/6.2.0/bits/stl_algobase.h:578:0)
INFO: [HLS 214-178] Inlining function 'ap_uint<512>** std::__niter_base<ap_uint<512>**>(ap_uint<512>**)' into 'ap_uint<512>** std::__copy_move_backward_a2<false, ap_uint<512>**, ap_uint<512>**>(ap_uint<512>**, ap_uint<512>**, ap_uint<512>**)' (/tools/Xilinx/Vitis_HLS/2021.1/tps/lnx64/gcc-6.2.0/lib/gcc/x86_64-pc-linux-gnu/6.2.0/../../../../include/c++/6.2.0/bits/stl_algobase.h:596:0)
INFO: [HLS 214-178] Inlining function 'ap_uint<512>** std::__copy_move_backward_a<false, ap_uint<512>**, ap_uint<512>**>(ap_uint<512>**, ap_uint<512>**, ap_uint<512>**)' into 'ap_uint<512>** std::__copy_move_backward_a2<false, ap_uint<512>**, ap_uint<512>**>(ap_uint<512>**, ap_uint<512>**, ap_uint<512>**)' (/tools/Xilinx/Vitis_HLS/2021.1/tps/lnx64/gcc-6.2.0/lib/gcc/x86_64-pc-linux-gnu/6.2.0/../../../../include/c++/6.2.0/bits/stl_algobase.h:596:0)
INFO: [HLS 214-178] Inlining function 'ap_uint<512>** std::__miter_base<ap_uint<512>**>(ap_uint<512>**)' into 'ap_uint<512>** std::copy_backward<ap_uint<512>**, ap_uint<512>**>(ap_uint<512>**, ap_uint<512>**, ap_uint<512>**)' (/tools/Xilinx/Vitis_HLS/2021.1/tps/lnx64/gcc-6.2.0/lib/gcc/x86_64-pc-linux-gnu/6.2.0/../../../../include/c++/6.2.0/bits/stl_algobase.h:623:0)
INFO: [HLS 214-178] Inlining function 'ap_uint<512>** std::__copy_move_backward_a2<false, ap_uint<512>**, ap_uint<512>**>(ap_uint<512>**, ap_uint<512>**, ap_uint<512>**)' into 'ap_uint<512>** std::copy_backward<ap_uint<512>**, ap_uint<512>**>(ap_uint<512>**, ap_uint<512>**, ap_uint<512>**)' (/tools/Xilinx/Vitis_HLS/2021.1/tps/lnx64/gcc-6.2.0/lib/gcc/x86_64-pc-linux-gnu/6.2.0/../../../../include/c++/6.2.0/bits/stl_algobase.h:623:0)
INFO: [HLS 214-178] Inlining function '__gnu_cxx::new_allocator<ap_uint<512>*>::deallocate(ap_uint<512>**, unsigned long)' into 'std::allocator_traits<std::allocator<ap_uint<512>*> >::deallocate(std::allocator<ap_uint<512>*>&, ap_uint<512>**, unsigned long)' (/tools/Xilinx/Vitis_HLS/2021.1/tps/lnx64/gcc-6.2.0/lib/gcc/x86_64-pc-linux-gnu/6.2.0/../../../../include/c++/6.2.0/bits/alloc_traits.h:442:0)
INFO: [HLS 214-178] Inlining function 'std::allocator_traits<std::allocator<ap_uint<512>*> >::deallocate(std::allocator<ap_uint<512>*>&, ap_uint<512>**, unsigned long)' into 'std::_Deque_base<ap_uint<512>, std::allocator<ap_uint<512> > >::_M_deallocate_map(ap_uint<512>**, unsigned long)' (/tools/Xilinx/Vitis_HLS/2021.1/tps/lnx64/gcc-6.2.0/lib/gcc/x86_64-pc-linux-gnu/6.2.0/../../../../include/c++/6.2.0/bits/stl_deque.h:619:0)
INFO: [HLS 214-178] Inlining function 'ap_uint<512>** std::copy<ap_uint<512>**, ap_uint<512>**>(ap_uint<512>**, ap_uint<512>**, ap_uint<512>**)' into 'std::deque<ap_uint<512>, std::allocator<ap_uint<512> > >::_M_reallocate_map(unsigned long, bool)' (/tools/Xilinx/Vitis_HLS/2021.1/tps/lnx64/gcc-6.2.0/lib/gcc/x86_64-pc-linux-gnu/6.2.0/../../../../include/c++/6.2.0/bits/deque.tcc:903:0)
INFO: [HLS 214-178] Inlining function 'ap_uint<512>** std::copy_backward<ap_uint<512>**, ap_uint<512>**>(ap_uint<512>**, ap_uint<512>**, ap_uint<512>**)' into 'std::deque<ap_uint<512>, std::allocator<ap_uint<512> > >::_M_reallocate_map(unsigned long, bool)' (/tools/Xilinx/Vitis_HLS/2021.1/tps/lnx64/gcc-6.2.0/lib/gcc/x86_64-pc-linux-gnu/6.2.0/../../../../include/c++/6.2.0/bits/deque.tcc:903:0)
INFO: [HLS 214-178] Inlining function 'unsigned long const& std::max<unsigned long>(unsigned long const&, unsigned long const&)' into 'std::deque<ap_uint<512>, std::allocator<ap_uint<512> > >::_M_reallocate_map(unsigned long, bool)' (/tools/Xilinx/Vitis_HLS/2021.1/tps/lnx64/gcc-6.2.0/lib/gcc/x86_64-pc-linux-gnu/6.2.0/../../../../include/c++/6.2.0/bits/deque.tcc:903:0)
INFO: [HLS 214-178] Inlining function 'std::_Deque_base<ap_uint<512>, std::allocator<ap_uint<512> > >::_M_allocate_map(unsigned long)' into 'std::deque<ap_uint<512>, std::allocator<ap_uint<512> > >::_M_reallocate_map(unsigned long, bool)' (/tools/Xilinx/Vitis_HLS/2021.1/tps/lnx64/gcc-6.2.0/lib/gcc/x86_64-pc-linux-gnu/6.2.0/../../../../include/c++/6.2.0/bits/deque.tcc:903:0)
INFO: [HLS 214-178] Inlining function 'std::_Deque_base<ap_uint<512>, std::allocator<ap_uint<512> > >::_M_deallocate_map(ap_uint<512>**, unsigned long)' into 'std::deque<ap_uint<512>, std::allocator<ap_uint<512> > >::_M_reallocate_map(unsigned long, bool)' (/tools/Xilinx/Vitis_HLS/2021.1/tps/lnx64/gcc-6.2.0/lib/gcc/x86_64-pc-linux-gnu/6.2.0/../../../../include/c++/6.2.0/bits/deque.tcc:903:0)
INFO: [HLS 214-178] Inlining function 'std::_Deque_iterator<ap_uint<512>, ap_uint<512>&, ap_uint<512>*>::_M_set_node(ap_uint<512>**)' into 'std::deque<ap_uint<512>, std::allocator<ap_uint<512> > >::_M_reallocate_map(unsigned long, bool)' (/tools/Xilinx/Vitis_HLS/2021.1/tps/lnx64/gcc-6.2.0/lib/gcc/x86_64-pc-linux-gnu/6.2.0/../../../../include/c++/6.2.0/bits/deque.tcc:903:0)
INFO: [HLS 214-178] Inlining function 'std::deque<ap_uint<512>, std::allocator<ap_uint<512> > >::_M_reallocate_map(unsigned long, bool)' into 'std::deque<ap_uint<512>, std::allocator<ap_uint<512> > >::_M_reserve_map_at_back(unsigned long)' (/tools/Xilinx/Vitis_HLS/2021.1/tps/lnx64/gcc-6.2.0/lib/gcc/x86_64-pc-linux-gnu/6.2.0/../../../../include/c++/6.2.0/bits/stl_deque.h:2113:0)
INFO: [HLS 214-178] Inlining function 'std::_Deque_base<ap_uint<512>, std::allocator<ap_uint<512> > >::_M_allocate_node()' into 'void std::deque<ap_uint<512>, std::allocator<ap_uint<512> > >::_M_push_back_aux<ap_uint<512> const&>(ap_uint<512> const&)' (/tools/Xilinx/Vitis_HLS/2021.1/tps/lnx64/gcc-6.2.0/lib/gcc/x86_64-pc-linux-gnu/6.2.0/../../../../include/c++/6.2.0/bits/deque.tcc:469:0)
INFO: [HLS 214-178] Inlining function 'ap_uint<512> const& std::forward<ap_uint<512> const&>(std::remove_reference<ap_uint<512> const&>::type&)' into 'void std::deque<ap_uint<512>, std::allocator<ap_uint<512> > >::_M_push_back_aux<ap_uint<512> const&>(ap_uint<512> const&)' (/tools/Xilinx/Vitis_HLS/2021.1/tps/lnx64/gcc-6.2.0/lib/gcc/x86_64-pc-linux-gnu/6.2.0/../../../../include/c++/6.2.0/bits/deque.tcc:469:0)
INFO: [HLS 214-178] Inlining function 'void std::allocator_traits<std::allocator<ap_uint<512> > >::construct<ap_uint<512>, ap_uint<512> const&>(std::allocator<ap_uint<512> >&, ap_uint<512>*, ap_uint<512> const&)' into 'void std::deque<ap_uint<512>, std::allocator<ap_uint<512> > >::_M_push_back_aux<ap_uint<512> const&>(ap_uint<512> const&)' (/tools/Xilinx/Vitis_HLS/2021.1/tps/lnx64/gcc-6.2.0/lib/gcc/x86_64-pc-linux-gnu/6.2.0/../../../../include/c++/6.2.0/bits/deque.tcc:469:0)
INFO: [HLS 214-178] Inlining function 'std::_Deque_iterator<ap_uint<512>, ap_uint<512>&, ap_uint<512>*>::_M_set_node(ap_uint<512>**)' into 'void std::deque<ap_uint<512>, std::allocator<ap_uint<512> > >::_M_push_back_aux<ap_uint<512> const&>(ap_uint<512> const&)' (/tools/Xilinx/Vitis_HLS/2021.1/tps/lnx64/gcc-6.2.0/lib/gcc/x86_64-pc-linux-gnu/6.2.0/../../../../include/c++/6.2.0/bits/deque.tcc:469:0)
INFO: [HLS 214-178] Inlining function 'void std::allocator_traits<std::allocator<ap_uint<512> > >::construct<ap_uint<512>, ap_uint<512> const&>(std::allocator<ap_uint<512> >&, ap_uint<512>*, ap_uint<512> const&)' into 'std::deque<ap_uint<512>, std::allocator<ap_uint<512> > >::push_back(ap_uint<512> const&)' (/tools/Xilinx/Vitis_HLS/2021.1/tps/lnx64/gcc-6.2.0/lib/gcc/x86_64-pc-linux-gnu/6.2.0/../../../../include/c++/6.2.0/bits/stl_deque.h:1518:0)
INFO: [HLS 214-178] Inlining function 'void std::deque<ap_uint<512>, std::allocator<ap_uint<512> > >::_M_push_back_aux<ap_uint<512> const&>(ap_uint<512> const&)' into 'std::deque<ap_uint<512>, std::allocator<ap_uint<512> > >::push_back(ap_uint<512> const&)' (/tools/Xilinx/Vitis_HLS/2021.1/tps/lnx64/gcc-6.2.0/lib/gcc/x86_64-pc-linux-gnu/6.2.0/../../../../include/c++/6.2.0/bits/stl_deque.h:1518:0)
INFO: [HLS 214-178] Inlining function 'std::deque<ap_uint<512>, std::allocator<ap_uint<512> > >::push_back(ap_uint<512> const&)' into 'hls::stream<ap_uint<512>, 0>::write(ap_uint<512> const&)' (/tools/Xilinx/Vivado/2021.1/include/hls_stream.h:226:0)
INFO: [HLS 214-178] Inlining function 'std::_Deque_iterator<ap_uint<32>, ap_uint<32>&, ap_uint<32>*>::_Deque_iterator()' into 'std::_Deque_base<ap_uint<32>, std::allocator<ap_uint<32> > >::_Deque_impl::_Deque_impl()' (/tools/Xilinx/Vitis_HLS/2021.1/tps/lnx64/gcc-6.2.0/lib/gcc/x86_64-pc-linux-gnu/6.2.0/../../../../include/c++/6.2.0/bits/stl_deque.h:558:0)
INFO: [HLS 214-178] Inlining function '__gnu_cxx::new_allocator<ap_uint<32>*>::allocate(unsigned long, void const*)' into 'std::allocator_traits<std::allocator<ap_uint<32>*> >::allocate(std::allocator<ap_uint<32>*>&, unsigned long)' (/tools/Xilinx/Vitis_HLS/2021.1/tps/lnx64/gcc-6.2.0/lib/gcc/x86_64-pc-linux-gnu/6.2.0/../../../../include/c++/6.2.0/bits/alloc_traits.h:416:0)
INFO: [HLS 214-178] Inlining function 'std::allocator_traits<std::allocator<ap_uint<32>*> >::allocate(std::allocator<ap_uint<32>*>&, unsigned long)' into 'std::_Deque_base<ap_uint<32>, std::allocator<ap_uint<32> > >::_M_allocate_map(unsigned long)' (/tools/Xilinx/Vitis_HLS/2021.1/tps/lnx64/gcc-6.2.0/lib/gcc/x86_64-pc-linux-gnu/6.2.0/../../../../include/c++/6.2.0/bits/stl_deque.h:612:0)
INFO: [HLS 214-178] Inlining function '__gnu_cxx::new_allocator<ap_uint<32> >::allocate(unsigned long, void const*)' into 'std::allocator_traits<std::allocator<ap_uint<32> > >::allocate(std::allocator<ap_uint<32> >&, unsigned long)' (/tools/Xilinx/Vitis_HLS/2021.1/tps/lnx64/gcc-6.2.0/lib/gcc/x86_64-pc-linux-gnu/6.2.0/../../../../include/c++/6.2.0/bits/alloc_traits.h:416:0)
INFO: [HLS 214-178] Inlining function 'std::__deque_buf_size(unsigned long)' into 'std::_Deque_base<ap_uint<32>, std::allocator<ap_uint<32> > >::_M_allocate_node()' (/tools/Xilinx/Vitis_HLS/2021.1/tps/lnx64/gcc-6.2.0/lib/gcc/x86_64-pc-linux-gnu/6.2.0/../../../../include/c++/6.2.0/bits/stl_deque.h:598:0)
INFO: [HLS 214-178] Inlining function 'std::allocator_traits<std::allocator<ap_uint<32> > >::allocate(std::allocator<ap_uint<32> >&, unsigned long)' into 'std::_Deque_base<ap_uint<32>, std::allocator<ap_uint<32> > >::_M_allocate_node()' (/tools/Xilinx/Vitis_HLS/2021.1/tps/lnx64/gcc-6.2.0/lib/gcc/x86_64-pc-linux-gnu/6.2.0/../../../../include/c++/6.2.0/bits/stl_deque.h:598:0)
INFO: [HLS 214-178] Inlining function 'std::_Deque_base<ap_uint<32>, std::allocator<ap_uint<32> > >::_M_allocate_node()' into 'std::_Deque_base<ap_uint<32>, std::allocator<ap_uint<32> > >::_M_create_nodes(ap_uint<32>**, ap_uint<32>**)' (/tools/Xilinx/Vitis_HLS/2021.1/tps/lnx64/gcc-6.2.0/lib/gcc/x86_64-pc-linux-gnu/6.2.0/../../../../include/c++/6.2.0/bits/stl_deque.h:720:0)
INFO: [HLS 214-178] Inlining function 'std::__deque_buf_size(unsigned long)' into 'std::_Deque_iterator<ap_uint<32>, ap_uint<32>&, ap_uint<32>*>::_S_buffer_size()' (/tools/Xilinx/Vitis_HLS/2021.1/tps/lnx64/gcc-6.2.0/lib/gcc/x86_64-pc-linux-gnu/6.2.0/../../../../include/c++/6.2.0/bits/stl_deque.h:127:0)
INFO: [HLS 214-178] Inlining function 'std::_Deque_iterator<ap_uint<32>, ap_uint<32>&, ap_uint<32>*>::_S_buffer_size()' into 'std::_Deque_iterator<ap_uint<32>, ap_uint<32>&, ap_uint<32>*>::_M_set_node(ap_uint<32>**)' (/tools/Xilinx/Vitis_HLS/2021.1/tps/lnx64/gcc-6.2.0/lib/gcc/x86_64-pc-linux-gnu/6.2.0/../../../../include/c++/6.2.0/bits/stl_deque.h:253:0)
INFO: [HLS 214-178] Inlining function 'unsigned long const& std::max<unsigned long>(unsigned long const&, unsigned long const&)' into 'std::_Deque_base<ap_uint<32>, std::allocator<ap_uint<32> > >::_M_initialize_map(unsigned long)' (/tools/Xilinx/Vitis_HLS/2021.1/tps/lnx64/gcc-6.2.0/lib/gcc/x86_64-pc-linux-gnu/6.2.0/../../../../include/c++/6.2.0/bits/stl_deque.h:681:0)
INFO: [HLS 214-178] Inlining function 'std::_Deque_base<ap_uint<32>, std::allocator<ap_uint<32> > >::_M_allocate_map(unsigned long)' into 'std::_Deque_base<ap_uint<32>, std::allocator<ap_uint<32> > >::_M_initialize_map(unsigned long)' (/tools/Xilinx/Vitis_HLS/2021.1/tps/lnx64/gcc-6.2.0/lib/gcc/x86_64-pc-linux-gnu/6.2.0/../../../../include/c++/6.2.0/bits/stl_deque.h:681:0)
INFO: [HLS 214-178] Inlining function 'std::_Deque_base<ap_uint<32>, std::allocator<ap_uint<32> > >::_M_create_nodes(ap_uint<32>**, ap_uint<32>**)' into 'std::_Deque_base<ap_uint<32>, std::allocator<ap_uint<32> > >::_M_initialize_map(unsigned long)' (/tools/Xilinx/Vitis_HLS/2021.1/tps/lnx64/gcc-6.2.0/lib/gcc/x86_64-pc-linux-gnu/6.2.0/../../../../include/c++/6.2.0/bits/stl_deque.h:681:0)
INFO: [HLS 214-178] Inlining function 'std::_Deque_iterator<ap_uint<32>, ap_uint<32>&, ap_uint<32>*>::_M_set_node(ap_uint<32>**)' into 'std::_Deque_base<ap_uint<32>, std::allocator<ap_uint<32> > >::_M_initialize_map(unsigned long)' (/tools/Xilinx/Vitis_HLS/2021.1/tps/lnx64/gcc-6.2.0/lib/gcc/x86_64-pc-linux-gnu/6.2.0/../../../../include/c++/6.2.0/bits/stl_deque.h:681:0)
INFO: [HLS 214-178] Inlining function 'std::_Deque_base<ap_uint<32>, std::allocator<ap_uint<32> > >::_Deque_impl::_Deque_impl()' into 'std::_Deque_base<ap_uint<32>, std::allocator<ap_uint<32> > >::_Deque_base()' (/tools/Xilinx/Vitis_HLS/2021.1/tps/lnx64/gcc-6.2.0/lib/gcc/x86_64-pc-linux-gnu/6.2.0/../../../../include/c++/6.2.0/bits/stl_deque.h:490:0)
INFO: [HLS 214-178] Inlining function 'std::_Deque_base<ap_uint<32>, std::allocator<ap_uint<32> > >::_M_initialize_map(unsigned long)' into 'std::_Deque_base<ap_uint<32>, std::allocator<ap_uint<32> > >::_Deque_base()' (/tools/Xilinx/Vitis_HLS/2021.1/tps/lnx64/gcc-6.2.0/lib/gcc/x86_64-pc-linux-gnu/6.2.0/../../../../include/c++/6.2.0/bits/stl_deque.h:490:0)
INFO: [HLS 214-178] Inlining function 'std::_Deque_base<ap_uint<32>, std::allocator<ap_uint<32> > >::_Deque_base()' into 'std::deque<ap_uint<32>, std::allocator<ap_uint<32> > >::deque()' (/tools/Xilinx/Vitis_HLS/2021.1/tps/lnx64/gcc-6.2.0/lib/gcc/x86_64-pc-linux-gnu/6.2.0/../../../../include/c++/6.2.0/bits/stl_deque.h:884:0)
INFO: [HLS 214-178] Inlining function 'std::deque<ap_uint<32>, std::allocator<ap_uint<32> > >::deque()' into 'hls::stream<ap_uint<32>, 0>::stream(std::__cxx11::basic_string<char, std::char_traits<char>, std::allocator<char> >)' (/tools/Xilinx/Vivado/2021.1/include/hls_stream.h:133:0)
INFO: [HLS 214-178] Inlining function 'std::_Deque_iterator<ap_uint<128>, ap_uint<128>&, ap_uint<128>*>::_Deque_iterator()' into 'std::_Deque_base<ap_uint<128>, std::allocator<ap_uint<128> > >::_Deque_impl::_Deque_impl()' (/tools/Xilinx/Vitis_HLS/2021.1/tps/lnx64/gcc-6.2.0/lib/gcc/x86_64-pc-linux-gnu/6.2.0/../../../../include/c++/6.2.0/bits/stl_deque.h:558:0)
INFO: [HLS 214-178] Inlining function '__gnu_cxx::new_allocator<ap_uint<128>*>::allocate(unsigned long, void const*)' into 'std::allocator_traits<std::allocator<ap_uint<128>*> >::allocate(std::allocator<ap_uint<128>*>&, unsigned long)' (/tools/Xilinx/Vitis_HLS/2021.1/tps/lnx64/gcc-6.2.0/lib/gcc/x86_64-pc-linux-gnu/6.2.0/../../../../include/c++/6.2.0/bits/alloc_traits.h:416:0)
INFO: [HLS 214-178] Inlining function 'std::allocator_traits<std::allocator<ap_uint<128>*> >::allocate(std::allocator<ap_uint<128>*>&, unsigned long)' into 'std::_Deque_base<ap_uint<128>, std::allocator<ap_uint<128> > >::_M_allocate_map(unsigned long)' (/tools/Xilinx/Vitis_HLS/2021.1/tps/lnx64/gcc-6.2.0/lib/gcc/x86_64-pc-linux-gnu/6.2.0/../../../../include/c++/6.2.0/bits/stl_deque.h:612:0)
INFO: [HLS 214-178] Inlining function '__gnu_cxx::new_allocator<ap_uint<128> >::allocate(unsigned long, void const*)' into 'std::allocator_traits<std::allocator<ap_uint<128> > >::allocate(std::allocator<ap_uint<128> >&, unsigned long)' (/tools/Xilinx/Vitis_HLS/2021.1/tps/lnx64/gcc-6.2.0/lib/gcc/x86_64-pc-linux-gnu/6.2.0/../../../../include/c++/6.2.0/bits/alloc_traits.h:416:0)
INFO: [HLS 214-178] Inlining function 'std::__deque_buf_size(unsigned long)' into 'std::_Deque_base<ap_uint<128>, std::allocator<ap_uint<128> > >::_M_allocate_node()' (/tools/Xilinx/Vitis_HLS/2021.1/tps/lnx64/gcc-6.2.0/lib/gcc/x86_64-pc-linux-gnu/6.2.0/../../../../include/c++/6.2.0/bits/stl_deque.h:598:0)
INFO: [HLS 214-178] Inlining function 'std::allocator_traits<std::allocator<ap_uint<128> > >::allocate(std::allocator<ap_uint<128> >&, unsigned long)' into 'std::_Deque_base<ap_uint<128>, std::allocator<ap_uint<128> > >::_M_allocate_node()' (/tools/Xilinx/Vitis_HLS/2021.1/tps/lnx64/gcc-6.2.0/lib/gcc/x86_64-pc-linux-gnu/6.2.0/../../../../include/c++/6.2.0/bits/stl_deque.h:598:0)
INFO: [HLS 214-178] Inlining function 'std::_Deque_base<ap_uint<128>, std::allocator<ap_uint<128> > >::_M_allocate_node()' into 'std::_Deque_base<ap_uint<128>, std::allocator<ap_uint<128> > >::_M_create_nodes(ap_uint<128>**, ap_uint<128>**)' (/tools/Xilinx/Vitis_HLS/2021.1/tps/lnx64/gcc-6.2.0/lib/gcc/x86_64-pc-linux-gnu/6.2.0/../../../../include/c++/6.2.0/bits/stl_deque.h:720:0)
INFO: [HLS 214-178] Inlining function 'std::__deque_buf_size(unsigned long)' into 'std::_Deque_iterator<ap_uint<128>, ap_uint<128>&, ap_uint<128>*>::_S_buffer_size()' (/tools/Xilinx/Vitis_HLS/2021.1/tps/lnx64/gcc-6.2.0/lib/gcc/x86_64-pc-linux-gnu/6.2.0/../../../../include/c++/6.2.0/bits/stl_deque.h:127:0)
INFO: [HLS 214-178] Inlining function 'std::_Deque_iterator<ap_uint<128>, ap_uint<128>&, ap_uint<128>*>::_S_buffer_size()' into 'std::_Deque_iterator<ap_uint<128>, ap_uint<128>&, ap_uint<128>*>::_M_set_node(ap_uint<128>**)' (/tools/Xilinx/Vitis_HLS/2021.1/tps/lnx64/gcc-6.2.0/lib/gcc/x86_64-pc-linux-gnu/6.2.0/../../../../include/c++/6.2.0/bits/stl_deque.h:253:0)
INFO: [HLS 214-178] Inlining function 'unsigned long const& std::max<unsigned long>(unsigned long const&, unsigned long const&)' into 'std::_Deque_base<ap_uint<128>, std::allocator<ap_uint<128> > >::_M_initialize_map(unsigned long)' (/tools/Xilinx/Vitis_HLS/2021.1/tps/lnx64/gcc-6.2.0/lib/gcc/x86_64-pc-linux-gnu/6.2.0/../../../../include/c++/6.2.0/bits/stl_deque.h:681:0)
INFO: [HLS 214-178] Inlining function 'std::_Deque_base<ap_uint<128>, std::allocator<ap_uint<128> > >::_M_allocate_map(unsigned long)' into 'std::_Deque_base<ap_uint<128>, std::allocator<ap_uint<128> > >::_M_initialize_map(unsigned long)' (/tools/Xilinx/Vitis_HLS/2021.1/tps/lnx64/gcc-6.2.0/lib/gcc/x86_64-pc-linux-gnu/6.2.0/../../../../include/c++/6.2.0/bits/stl_deque.h:681:0)
INFO: [HLS 214-178] Inlining function 'std::_Deque_base<ap_uint<128>, std::allocator<ap_uint<128> > >::_M_create_nodes(ap_uint<128>**, ap_uint<128>**)' into 'std::_Deque_base<ap_uint<128>, std::allocator<ap_uint<128> > >::_M_initialize_map(unsigned long)' (/tools/Xilinx/Vitis_HLS/2021.1/tps/lnx64/gcc-6.2.0/lib/gcc/x86_64-pc-linux-gnu/6.2.0/../../../../include/c++/6.2.0/bits/stl_deque.h:681:0)
INFO: [HLS 214-178] Inlining function 'std::_Deque_iterator<ap_uint<128>, ap_uint<128>&, ap_uint<128>*>::_M_set_node(ap_uint<128>**)' into 'std::_Deque_base<ap_uint<128>, std::allocator<ap_uint<128> > >::_M_initialize_map(unsigned long)' (/tools/Xilinx/Vitis_HLS/2021.1/tps/lnx64/gcc-6.2.0/lib/gcc/x86_64-pc-linux-gnu/6.2.0/../../../../include/c++/6.2.0/bits/stl_deque.h:681:0)
INFO: [HLS 214-178] Inlining function 'std::_Deque_base<ap_uint<128>, std::allocator<ap_uint<128> > >::_Deque_impl::_Deque_impl()' into 'std::_Deque_base<ap_uint<128>, std::allocator<ap_uint<128> > >::_Deque_base()' (/tools/Xilinx/Vitis_HLS/2021.1/tps/lnx64/gcc-6.2.0/lib/gcc/x86_64-pc-linux-gnu/6.2.0/../../../../include/c++/6.2.0/bits/stl_deque.h:490:0)
INFO: [HLS 214-178] Inlining function 'std::_Deque_base<ap_uint<128>, std::allocator<ap_uint<128> > >::_M_initialize_map(unsigned long)' into 'std::_Deque_base<ap_uint<128>, std::allocator<ap_uint<128> > >::_Deque_base()' (/tools/Xilinx/Vitis_HLS/2021.1/tps/lnx64/gcc-6.2.0/lib/gcc/x86_64-pc-linux-gnu/6.2.0/../../../../include/c++/6.2.0/bits/stl_deque.h:490:0)
INFO: [HLS 214-178] Inlining function 'std::_Deque_base<ap_uint<128>, std::allocator<ap_uint<128> > >::_Deque_base()' into 'std::deque<ap_uint<128>, std::allocator<ap_uint<128> > >::deque()' (/tools/Xilinx/Vitis_HLS/2021.1/tps/lnx64/gcc-6.2.0/lib/gcc/x86_64-pc-linux-gnu/6.2.0/../../../../include/c++/6.2.0/bits/stl_deque.h:884:0)
INFO: [HLS 214-178] Inlining function 'std::deque<ap_uint<128>, std::allocator<ap_uint<128> > >::deque()' into 'hls::stream<ap_uint<128>, 0>::stream(std::__cxx11::basic_string<char, std::char_traits<char>, std::allocator<char> >)' (/tools/Xilinx/Vivado/2021.1/include/hls_stream.h:133:0)
INFO: [HLS 214-178] Inlining function 'bool std::operator==<ap_uint<512>, ap_uint<512>&, ap_uint<512>*>(std::_Deque_iterator<ap_uint<512>, ap_uint<512>&, ap_uint<512>*> const&, std::_Deque_iterator<ap_uint<512>, ap_uint<512>&, ap_uint<512>*> const&)' into 'std::deque<ap_uint<512>, std::allocator<ap_uint<512> > >::empty() const' (/tools/Xilinx/Vitis_HLS/2021.1/tps/lnx64/gcc-6.2.0/lib/gcc/x86_64-pc-linux-gnu/6.2.0/../../../../include/c++/6.2.0/bits/stl_deque.h:1351:0)
INFO: [HLS 214-178] Inlining function 'std::_Deque_iterator<ap_uint<512>, ap_uint<512>&, ap_uint<512>*>::_Deque_iterator(std::_Deque_iterator<ap_uint<512>, ap_uint<512>&, ap_uint<512>*> const&)' into 'std::deque<ap_uint<512>, std::allocator<ap_uint<512> > >::begin()' (/tools/Xilinx/Vitis_HLS/2021.1/tps/lnx64/gcc-6.2.0/lib/gcc/x86_64-pc-linux-gnu/6.2.0/../../../../include/c++/6.2.0/bits/stl_deque.h:1160:0)
INFO: [HLS 214-178] Inlining function 'std::deque<ap_uint<512>, std::allocator<ap_uint<512> > >::begin()' into 'std::deque<ap_uint<512>, std::allocator<ap_uint<512> > >::front()' (/tools/Xilinx/Vitis_HLS/2021.1/tps/lnx64/gcc-6.2.0/lib/gcc/x86_64-pc-linux-gnu/6.2.0/../../../../include/c++/6.2.0/bits/stl_deque.h:1439:0)
INFO: [HLS 214-178] Inlining function 'std::_Deque_iterator<ap_uint<512>, ap_uint<512>&, ap_uint<512>*>::operator*() const' into 'std::deque<ap_uint<512>, std::allocator<ap_uint<512> > >::front()' (/tools/Xilinx/Vitis_HLS/2021.1/tps/lnx64/gcc-6.2.0/lib/gcc/x86_64-pc-linux-gnu/6.2.0/../../../../include/c++/6.2.0/bits/stl_deque.h:1439:0)
INFO: [HLS 214-178] Inlining function '__gnu_cxx::new_allocator<ap_uint<512> >::deallocate(ap_uint<512>*, unsigned long)' into 'std::allocator_traits<std::allocator<ap_uint<512> > >::deallocate(std::allocator<ap_uint<512> >&, ap_uint<512>*, unsigned long)' (/tools/Xilinx/Vitis_HLS/2021.1/tps/lnx64/gcc-6.2.0/lib/gcc/x86_64-pc-linux-gnu/6.2.0/../../../../include/c++/6.2.0/bits/alloc_traits.h:442:0)
INFO: [HLS 214-178] Inlining function 'std::allocator_traits<std::allocator<ap_uint<512> > >::deallocate(std::allocator<ap_uint<512> >&, ap_uint<512>*, unsigned long)' into 'std::_Deque_base<ap_uint<512>, std::allocator<ap_uint<512> > >::_M_deallocate_node(ap_uint<512>*)' (/tools/Xilinx/Vitis_HLS/2021.1/tps/lnx64/gcc-6.2.0/lib/gcc/x86_64-pc-linux-gnu/6.2.0/../../../../include/c++/6.2.0/bits/stl_deque.h:605:0)
INFO: [HLS 214-178] Inlining function 'std::_Deque_base<ap_uint<512>, std::allocator<ap_uint<512> > >::_M_deallocate_node(ap_uint<512>*)' into 'std::deque<ap_uint<512>, std::allocator<ap_uint<512> > >::_M_pop_front_aux()' (/tools/Xilinx/Vitis_HLS/2021.1/tps/lnx64/gcc-6.2.0/lib/gcc/x86_64-pc-linux-gnu/6.2.0/../../../../include/c++/6.2.0/bits/deque.tcc:548:0)
INFO: [HLS 214-178] Inlining function 'std::_Deque_iterator<ap_uint<512>, ap_uint<512>&, ap_uint<512>*>::_M_set_node(ap_uint<512>**)' into 'std::deque<ap_uint<512>, std::allocator<ap_uint<512> > >::_M_pop_front_aux()' (/tools/Xilinx/Vitis_HLS/2021.1/tps/lnx64/gcc-6.2.0/lib/gcc/x86_64-pc-linux-gnu/6.2.0/../../../../include/c++/6.2.0/bits/deque.tcc:548:0)
INFO: [HLS 214-178] Inlining function 'std::deque<ap_uint<512>, std::allocator<ap_uint<512> > >::_M_pop_front_aux()' into 'std::deque<ap_uint<512>, std::allocator<ap_uint<512> > >::pop_front()' (/tools/Xilinx/Vitis_HLS/2021.1/tps/lnx64/gcc-6.2.0/lib/gcc/x86_64-pc-linux-gnu/6.2.0/../../../../include/c++/6.2.0/bits/stl_deque.h:1550:0)
INFO: [HLS 214-178] Inlining function 'std::deque<ap_uint<512>, std::allocator<ap_uint<512> > >::empty() const' into 'hls::stream<ap_uint<512>, 0>::read()' (/tools/Xilinx/Vivado/2021.1/include/hls_stream.h:204:0)
INFO: [HLS 214-178] Inlining function 'std::deque<ap_uint<512>, std::allocator<ap_uint<512> > >::front()' into 'hls::stream<ap_uint<512>, 0>::read()' (/tools/Xilinx/Vivado/2021.1/include/hls_stream.h:204:0)
INFO: [HLS 214-178] Inlining function 'std::deque<ap_uint<512>, std::allocator<ap_uint<512> > >::pop_front()' into 'hls::stream<ap_uint<512>, 0>::read()' (/tools/Xilinx/Vivado/2021.1/include/hls_stream.h:204:0)
INFO: [HLS 214-178] Inlining function 'ap_uint<128> const& std::forward<ap_uint<128> const&>(std::remove_reference<ap_uint<128> const&>::type&)' into 'void __gnu_cxx::new_allocator<ap_uint<128> >::construct<ap_uint<128>, ap_uint<128> const&>(ap_uint<128>*, ap_uint<128> const&)' (/tools/Xilinx/Vitis_HLS/2021.1/tps/lnx64/gcc-6.2.0/lib/gcc/x86_64-pc-linux-gnu/6.2.0/../../../../include/c++/6.2.0/ext/new_allocator.h:120:0)
INFO: [HLS 214-178] Inlining function 'ap_uint<128> const& std::forward<ap_uint<128> const&>(std::remove_reference<ap_uint<128> const&>::type&)' into 'void std::allocator_traits<std::allocator<ap_uint<128> > >::construct<ap_uint<128>, ap_uint<128> const&>(std::allocator<ap_uint<128> >&, ap_uint<128>*, ap_uint<128> const&)' (/tools/Xilinx/Vitis_HLS/2021.1/tps/lnx64/gcc-6.2.0/lib/gcc/x86_64-pc-linux-gnu/6.2.0/../../../../include/c++/6.2.0/bits/alloc_traits.h:455:0)
INFO: [HLS 214-178] Inlining function 'void __gnu_cxx::new_allocator<ap_uint<128> >::construct<ap_uint<128>, ap_uint<128> const&>(ap_uint<128>*, ap_uint<128> const&)' into 'void std::allocator_traits<std::allocator<ap_uint<128> > >::construct<ap_uint<128>, ap_uint<128> const&>(std::allocator<ap_uint<128> >&, ap_uint<128>*, ap_uint<128> const&)' (/tools/Xilinx/Vitis_HLS/2021.1/tps/lnx64/gcc-6.2.0/lib/gcc/x86_64-pc-linux-gnu/6.2.0/../../../../include/c++/6.2.0/bits/alloc_traits.h:455:0)
INFO: [HLS 214-178] Inlining function 'ap_uint<128>** std::__copy_move<false, true, std::random_access_iterator_tag>::__copy_m<ap_uint<128>*>(ap_uint<128>* const*, ap_uint<128>* const*, ap_uint<128>**)' into 'ap_uint<128>** std::__copy_move_a<false, ap_uint<128>**, ap_uint<128>**>(ap_uint<128>**, ap_uint<128>**, ap_uint<128>**)' (/tools/Xilinx/Vitis_HLS/2021.1/tps/lnx64/gcc-6.2.0/lib/gcc/x86_64-pc-linux-gnu/6.2.0/../../../../include/c++/6.2.0/bits/stl_algobase.h:376:0)
INFO: [HLS 214-178] Inlining function 'ap_uint<128>** std::__niter_base<ap_uint<128>**>(ap_uint<128>**)' into 'ap_uint<128>** std::__copy_move_a2<false, ap_uint<128>**, ap_uint<128>**>(ap_uint<128>**, ap_uint<128>**, ap_uint<128>**)' (/tools/Xilinx/Vitis_HLS/2021.1/tps/lnx64/gcc-6.2.0/lib/gcc/x86_64-pc-linux-gnu/6.2.0/../../../../include/c++/6.2.0/bits/stl_algobase.h:421:0)
INFO: [HLS 214-178] Inlining function 'ap_uint<128>** std::__copy_move_a<false, ap_uint<128>**, ap_uint<128>**>(ap_uint<128>**, ap_uint<128>**, ap_uint<128>**)' into 'ap_uint<128>** std::__copy_move_a2<false, ap_uint<128>**, ap_uint<128>**>(ap_uint<128>**, ap_uint<128>**, ap_uint<128>**)' (/tools/Xilinx/Vitis_HLS/2021.1/tps/lnx64/gcc-6.2.0/lib/gcc/x86_64-pc-linux-gnu/6.2.0/../../../../include/c++/6.2.0/bits/stl_algobase.h:421:0)
INFO: [HLS 214-178] Inlining function 'ap_uint<128>** std::__miter_base<ap_uint<128>**>(ap_uint<128>**)' into 'ap_uint<128>** std::copy<ap_uint<128>**, ap_uint<128>**>(ap_uint<128>**, ap_uint<128>**, ap_uint<128>**)' (/tools/Xilinx/Vitis_HLS/2021.1/tps/lnx64/gcc-6.2.0/lib/gcc/x86_64-pc-linux-gnu/6.2.0/../../../../include/c++/6.2.0/bits/stl_algobase.h:447:0)
INFO: [HLS 214-178] Inlining function 'ap_uint<128>** std::__copy_move_a2<false, ap_uint<128>**, ap_uint<128>**>(ap_uint<128>**, ap_uint<128>**, ap_uint<128>**)' into 'ap_uint<128>** std::copy<ap_uint<128>**, ap_uint<128>**>(ap_uint<128>**, ap_uint<128>**, ap_uint<128>**)' (/tools/Xilinx/Vitis_HLS/2021.1/tps/lnx64/gcc-6.2.0/lib/gcc/x86_64-pc-linux-gnu/6.2.0/../../../../include/c++/6.2.0/bits/stl_algobase.h:447:0)
INFO: [HLS 214-178] Inlining function 'ap_uint<128>** std::__copy_move_backward<false, true, std::random_access_iterator_tag>::__copy_move_b<ap_uint<128>*>(ap_uint<128>* const*, ap_uint<128>* const*, ap_uint<128>**)' into 'ap_uint<128>** std::__copy_move_backward_a<false, ap_uint<128>**, ap_uint<128>**>(ap_uint<128>**, ap_uint<128>**, ap_uint<128>**)' (/tools/Xilinx/Vitis_HLS/2021.1/tps/lnx64/gcc-6.2.0/lib/gcc/x86_64-pc-linux-gnu/6.2.0/../../../../include/c++/6.2.0/bits/stl_algobase.h:578:0)
INFO: [HLS 214-178] Inlining function 'ap_uint<128>** std::__niter_base<ap_uint<128>**>(ap_uint<128>**)' into 'ap_uint<128>** std::__copy_move_backward_a2<false, ap_uint<128>**, ap_uint<128>**>(ap_uint<128>**, ap_uint<128>**, ap_uint<128>**)' (/tools/Xilinx/Vitis_HLS/2021.1/tps/lnx64/gcc-6.2.0/lib/gcc/x86_64-pc-linux-gnu/6.2.0/../../../../include/c++/6.2.0/bits/stl_algobase.h:596:0)
INFO: [HLS 214-178] Inlining function 'ap_uint<128>** std::__copy_move_backward_a<false, ap_uint<128>**, ap_uint<128>**>(ap_uint<128>**, ap_uint<128>**, ap_uint<128>**)' into 'ap_uint<128>** std::__copy_move_backward_a2<false, ap_uint<128>**, ap_uint<128>**>(ap_uint<128>**, ap_uint<128>**, ap_uint<128>**)' (/tools/Xilinx/Vitis_HLS/2021.1/tps/lnx64/gcc-6.2.0/lib/gcc/x86_64-pc-linux-gnu/6.2.0/../../../../include/c++/6.2.0/bits/stl_algobase.h:596:0)
INFO: [HLS 214-178] Inlining function 'ap_uint<128>** std::__miter_base<ap_uint<128>**>(ap_uint<128>**)' into 'ap_uint<128>** std::copy_backward<ap_uint<128>**, ap_uint<128>**>(ap_uint<128>**, ap_uint<128>**, ap_uint<128>**)' (/tools/Xilinx/Vitis_HLS/2021.1/tps/lnx64/gcc-6.2.0/lib/gcc/x86_64-pc-linux-gnu/6.2.0/../../../../include/c++/6.2.0/bits/stl_algobase.h:623:0)
INFO: [HLS 214-178] Inlining function 'ap_uint<128>** std::__copy_move_backward_a2<false, ap_uint<128>**, ap_uint<128>**>(ap_uint<128>**, ap_uint<128>**, ap_uint<128>**)' into 'ap_uint<128>** std::copy_backward<ap_uint<128>**, ap_uint<128>**>(ap_uint<128>**, ap_uint<128>**, ap_uint<128>**)' (/tools/Xilinx/Vitis_HLS/2021.1/tps/lnx64/gcc-6.2.0/lib/gcc/x86_64-pc-linux-gnu/6.2.0/../../../../include/c++/6.2.0/bits/stl_algobase.h:623:0)
INFO: [HLS 214-178] Inlining function 'ap_uint<128>** std::copy<ap_uint<128>**, ap_uint<128>**>(ap_uint<128>**, ap_uint<128>**, ap_uint<128>**)' into 'std::deque<ap_uint<128>, std::allocator<ap_uint<128> > >::_M_reallocate_map(unsigned long, bool)' (/tools/Xilinx/Vitis_HLS/2021.1/tps/lnx64/gcc-6.2.0/lib/gcc/x86_64-pc-linux-gnu/6.2.0/../../../../include/c++/6.2.0/bits/deque.tcc:903:0)
INFO: [HLS 214-178] Inlining function 'ap_uint<128>** std::copy_backward<ap_uint<128>**, ap_uint<128>**>(ap_uint<128>**, ap_uint<128>**, ap_uint<128>**)' into 'std::deque<ap_uint<128>, std::allocator<ap_uint<128> > >::_M_reallocate_map(unsigned long, bool)' (/tools/Xilinx/Vitis_HLS/2021.1/tps/lnx64/gcc-6.2.0/lib/gcc/x86_64-pc-linux-gnu/6.2.0/../../../../include/c++/6.2.0/bits/deque.tcc:903:0)
INFO: [HLS 214-178] Inlining function 'unsigned long const& std::max<unsigned long>(unsigned long const&, unsigned long const&)' into 'std::deque<ap_uint<128>, std::allocator<ap_uint<128> > >::_M_reallocate_map(unsigned long, bool)' (/tools/Xilinx/Vitis_HLS/2021.1/tps/lnx64/gcc-6.2.0/lib/gcc/x86_64-pc-linux-gnu/6.2.0/../../../../include/c++/6.2.0/bits/deque.tcc:903:0)
INFO: [HLS 214-178] Inlining function 'std::_Deque_base<ap_uint<128>, std::allocator<ap_uint<128> > >::_M_allocate_map(unsigned long)' into 'std::deque<ap_uint<128>, std::allocator<ap_uint<128> > >::_M_reallocate_map(unsigned long, bool)' (/tools/Xilinx/Vitis_HLS/2021.1/tps/lnx64/gcc-6.2.0/lib/gcc/x86_64-pc-linux-gnu/6.2.0/../../../../include/c++/6.2.0/bits/deque.tcc:903:0)
INFO: [HLS 214-178] Inlining function 'std::_Deque_base<ap_uint<128>, std::allocator<ap_uint<128> > >::_M_deallocate_map(ap_uint<128>**, unsigned long)' into 'std::deque<ap_uint<128>, std::allocator<ap_uint<128> > >::_M_reallocate_map(unsigned long, bool)' (/tools/Xilinx/Vitis_HLS/2021.1/tps/lnx64/gcc-6.2.0/lib/gcc/x86_64-pc-linux-gnu/6.2.0/../../../../include/c++/6.2.0/bits/deque.tcc:903:0)
INFO: [HLS 214-178] Inlining function 'std::_Deque_iterator<ap_uint<128>, ap_uint<128>&, ap_uint<128>*>::_M_set_node(ap_uint<128>**)' into 'std::deque<ap_uint<128>, std::allocator<ap_uint<128> > >::_M_reallocate_map(unsigned long, bool)' (/tools/Xilinx/Vitis_HLS/2021.1/tps/lnx64/gcc-6.2.0/lib/gcc/x86_64-pc-linux-gnu/6.2.0/../../../../include/c++/6.2.0/bits/deque.tcc:903:0)
INFO: [HLS 214-178] Inlining function 'std::deque<ap_uint<128>, std::allocator<ap_uint<128> > >::_M_reallocate_map(unsigned long, bool)' into 'std::deque<ap_uint<128>, std::allocator<ap_uint<128> > >::_M_reserve_map_at_back(unsigned long)' (/tools/Xilinx/Vitis_HLS/2021.1/tps/lnx64/gcc-6.2.0/lib/gcc/x86_64-pc-linux-gnu/6.2.0/../../../../include/c++/6.2.0/bits/stl_deque.h:2113:0)
INFO: [HLS 214-178] Inlining function 'std::_Deque_base<ap_uint<128>, std::allocator<ap_uint<128> > >::_M_allocate_node()' into 'void std::deque<ap_uint<128>, std::allocator<ap_uint<128> > >::_M_push_back_aux<ap_uint<128> const&>(ap_uint<128> const&)' (/tools/Xilinx/Vitis_HLS/2021.1/tps/lnx64/gcc-6.2.0/lib/gcc/x86_64-pc-linux-gnu/6.2.0/../../../../include/c++/6.2.0/bits/deque.tcc:469:0)
INFO: [HLS 214-178] Inlining function 'ap_uint<128> const& std::forward<ap_uint<128> const&>(std::remove_reference<ap_uint<128> const&>::type&)' into 'void std::deque<ap_uint<128>, std::allocator<ap_uint<128> > >::_M_push_back_aux<ap_uint<128> const&>(ap_uint<128> const&)' (/tools/Xilinx/Vitis_HLS/2021.1/tps/lnx64/gcc-6.2.0/lib/gcc/x86_64-pc-linux-gnu/6.2.0/../../../../include/c++/6.2.0/bits/deque.tcc:469:0)
INFO: [HLS 214-178] Inlining function 'void std::allocator_traits<std::allocator<ap_uint<128> > >::construct<ap_uint<128>, ap_uint<128> const&>(std::allocator<ap_uint<128> >&, ap_uint<128>*, ap_uint<128> const&)' into 'void std::deque<ap_uint<128>, std::allocator<ap_uint<128> > >::_M_push_back_aux<ap_uint<128> const&>(ap_uint<128> const&)' (/tools/Xilinx/Vitis_HLS/2021.1/tps/lnx64/gcc-6.2.0/lib/gcc/x86_64-pc-linux-gnu/6.2.0/../../../../include/c++/6.2.0/bits/deque.tcc:469:0)
INFO: [HLS 214-178] Inlining function 'std::_Deque_iterator<ap_uint<128>, ap_uint<128>&, ap_uint<128>*>::_M_set_node(ap_uint<128>**)' into 'void std::deque<ap_uint<128>, std::allocator<ap_uint<128> > >::_M_push_back_aux<ap_uint<128> const&>(ap_uint<128> const&)' (/tools/Xilinx/Vitis_HLS/2021.1/tps/lnx64/gcc-6.2.0/lib/gcc/x86_64-pc-linux-gnu/6.2.0/../../../../include/c++/6.2.0/bits/deque.tcc:469:0)
INFO: [HLS 214-178] Inlining function 'void std::allocator_traits<std::allocator<ap_uint<128> > >::construct<ap_uint<128>, ap_uint<128> const&>(std::allocator<ap_uint<128> >&, ap_uint<128>*, ap_uint<128> const&)' into 'std::deque<ap_uint<128>, std::allocator<ap_uint<128> > >::push_back(ap_uint<128> const&)' (/tools/Xilinx/Vitis_HLS/2021.1/tps/lnx64/gcc-6.2.0/lib/gcc/x86_64-pc-linux-gnu/6.2.0/../../../../include/c++/6.2.0/bits/stl_deque.h:1518:0)
INFO: [HLS 214-178] Inlining function 'void std::deque<ap_uint<128>, std::allocator<ap_uint<128> > >::_M_push_back_aux<ap_uint<128> const&>(ap_uint<128> const&)' into 'std::deque<ap_uint<128>, std::allocator<ap_uint<128> > >::push_back(ap_uint<128> const&)' (/tools/Xilinx/Vitis_HLS/2021.1/tps/lnx64/gcc-6.2.0/lib/gcc/x86_64-pc-linux-gnu/6.2.0/../../../../include/c++/6.2.0/bits/stl_deque.h:1518:0)
INFO: [HLS 214-178] Inlining function 'std::deque<ap_uint<128>, std::allocator<ap_uint<128> > >::push_back(ap_uint<128> const&)' into 'hls::stream<ap_uint<128>, 0>::write(ap_uint<128> const&)' (/tools/Xilinx/Vivado/2021.1/include/hls_stream.h:226:0)
INFO: [HLS 214-178] Inlining function 'std::remove_reference<std::__cxx11::basic_string<char, std::char_traits<char>, std::allocator<char> >&>::type&& std::move<std::__cxx11::basic_string<char, std::char_traits<char>, std::allocator<char> >&>(std::__cxx11::basic_string<char, std::char_traits<char>, std::allocator<char> >&)' into 'std::__cxx11::basic_string<char, std::char_traits<char>, std::allocator<char> > std::operator+<char, std::char_traits<char>, std::allocator<char> >(char const*, std::__cxx11::basic_string<char, std::char_traits<char>, std::allocator<char> >&&)' (/tools/Xilinx/Vitis_HLS/2021.1/tps/lnx64/gcc-6.2.0/lib/gcc/x86_64-pc-linux-gnu/6.2.0/../../../../include/c++/6.2.0/bits/basic_string.h:5020:0)
INFO: [HLS 214-178] Inlining function 'std::deque<ap_uint<32>, std::allocator<ap_uint<32> > >::deque()' into 'hls::stream<ap_uint<32>, 0>::stream()' (/tools/Xilinx/Vivado/2021.1/include/hls_stream.h:113:0)
INFO: [HLS 214-178] Inlining function 'std::type_info::name() const' into 'hls::stream<ap_uint<32>, 0>::stream()' (/tools/Xilinx/Vivado/2021.1/include/hls_stream.h:113:0)
INFO: [HLS 214-178] Inlining function 'std::__cxx11::basic_string<char, std::char_traits<char>, std::allocator<char> > std::operator+<char, std::char_traits<char>, std::allocator<char> >(char const*, std::__cxx11::basic_string<char, std::char_traits<char>, std::allocator<char> >&&)' into 'hls::stream<ap_uint<32>, 0>::stream()' (/tools/Xilinx/Vivado/2021.1/include/hls_stream.h:113:0)
INFO: [HLS 214-178] Inlining function 'std::deque<ap_uint<128>, std::allocator<ap_uint<128> > >::begin()' into 'std::deque<ap_uint<128>, std::allocator<ap_uint<128> > >::front()' (/tools/Xilinx/Vitis_HLS/2021.1/tps/lnx64/gcc-6.2.0/lib/gcc/x86_64-pc-linux-gnu/6.2.0/../../../../include/c++/6.2.0/bits/stl_deque.h:1439:0)
INFO: [HLS 214-178] Inlining function 'std::_Deque_iterator<ap_uint<128>, ap_uint<128>&, ap_uint<128>*>::operator*() const' into 'std::deque<ap_uint<128>, std::allocator<ap_uint<128> > >::front()' (/tools/Xilinx/Vitis_HLS/2021.1/tps/lnx64/gcc-6.2.0/lib/gcc/x86_64-pc-linux-gnu/6.2.0/../../../../include/c++/6.2.0/bits/stl_deque.h:1439:0)
INFO: [HLS 214-178] Inlining function 'std::_Deque_base<ap_uint<128>, std::allocator<ap_uint<128> > >::_M_deallocate_node(ap_uint<128>*)' into 'std::deque<ap_uint<128>, std::allocator<ap_uint<128> > >::_M_pop_front_aux()' (/tools/Xilinx/Vitis_HLS/2021.1/tps/lnx64/gcc-6.2.0/lib/gcc/x86_64-pc-linux-gnu/6.2.0/../../../../include/c++/6.2.0/bits/deque.tcc:548:0)
INFO: [HLS 214-178] Inlining function 'std::_Deque_iterator<ap_uint<128>, ap_uint<128>&, ap_uint<128>*>::_M_set_node(ap_uint<128>**)' into 'std::deque<ap_uint<128>, std::allocator<ap_uint<128> > >::_M_pop_front_aux()' (/tools/Xilinx/Vitis_HLS/2021.1/tps/lnx64/gcc-6.2.0/lib/gcc/x86_64-pc-linux-gnu/6.2.0/../../../../include/c++/6.2.0/bits/deque.tcc:548:0)
INFO: [HLS 214-178] Inlining function 'std::deque<ap_uint<128>, std::allocator<ap_uint<128> > >::_M_pop_front_aux()' into 'std::deque<ap_uint<128>, std::allocator<ap_uint<128> > >::pop_front()' (/tools/Xilinx/Vitis_HLS/2021.1/tps/lnx64/gcc-6.2.0/lib/gcc/x86_64-pc-linux-gnu/6.2.0/../../../../include/c++/6.2.0/bits/stl_deque.h:1550:0)
INFO: [HLS 214-178] Inlining function 'std::deque<ap_uint<128>, std::allocator<ap_uint<128> > >::empty() const' into 'hls::stream<ap_uint<128>, 0>::read()' (/tools/Xilinx/Vivado/2021.1/include/hls_stream.h:204:0)
INFO: [HLS 214-178] Inlining function 'std::deque<ap_uint<128>, std::allocator<ap_uint<128> > >::front()' into 'hls::stream<ap_uint<128>, 0>::read()' (/tools/Xilinx/Vivado/2021.1/include/hls_stream.h:204:0)
INFO: [HLS 214-178] Inlining function 'std::deque<ap_uint<128>, std::allocator<ap_uint<128> > >::pop_front()' into 'hls::stream<ap_uint<128>, 0>::read()' (/tools/Xilinx/Vivado/2021.1/include/hls_stream.h:204:0)
INFO: [HLS 214-178] Inlining function 'ap_uint<32> const& std::forward<ap_uint<32> const&>(std::remove_reference<ap_uint<32> const&>::type&)' into 'void __gnu_cxx::new_allocator<ap_uint<32> >::construct<ap_uint<32>, ap_uint<32> const&>(ap_uint<32>*, ap_uint<32> const&)' (/tools/Xilinx/Vitis_HLS/2021.1/tps/lnx64/gcc-6.2.0/lib/gcc/x86_64-pc-linux-gnu/6.2.0/../../../../include/c++/6.2.0/ext/new_allocator.h:120:0)
INFO: [HLS 214-178] Inlining function 'ap_uint<32> const& std::forward<ap_uint<32> const&>(std::remove_reference<ap_uint<32> const&>::type&)' into 'void std::allocator_traits<std::allocator<ap_uint<32> > >::construct<ap_uint<32>, ap_uint<32> const&>(std::allocator<ap_uint<32> >&, ap_uint<32>*, ap_uint<32> const&)' (/tools/Xilinx/Vitis_HLS/2021.1/tps/lnx64/gcc-6.2.0/lib/gcc/x86_64-pc-linux-gnu/6.2.0/../../../../include/c++/6.2.0/bits/alloc_traits.h:455:0)
INFO: [HLS 214-178] Inlining function 'void __gnu_cxx::new_allocator<ap_uint<32> >::construct<ap_uint<32>, ap_uint<32> const&>(ap_uint<32>*, ap_uint<32> const&)' into 'void std::allocator_traits<std::allocator<ap_uint<32> > >::construct<ap_uint<32>, ap_uint<32> const&>(std::allocator<ap_uint<32> >&, ap_uint<32>*, ap_uint<32> const&)' (/tools/Xilinx/Vitis_HLS/2021.1/tps/lnx64/gcc-6.2.0/lib/gcc/x86_64-pc-linux-gnu/6.2.0/../../../../include/c++/6.2.0/bits/alloc_traits.h:455:0)
INFO: [HLS 214-178] Inlining function 'ap_uint<32>** std::__copy_move<false, true, std::random_access_iterator_tag>::__copy_m<ap_uint<32>*>(ap_uint<32>* const*, ap_uint<32>* const*, ap_uint<32>**)' into 'ap_uint<32>** std::__copy_move_a<false, ap_uint<32>**, ap_uint<32>**>(ap_uint<32>**, ap_uint<32>**, ap_uint<32>**)' (/tools/Xilinx/Vitis_HLS/2021.1/tps/lnx64/gcc-6.2.0/lib/gcc/x86_64-pc-linux-gnu/6.2.0/../../../../include/c++/6.2.0/bits/stl_algobase.h:376:0)
INFO: [HLS 214-178] Inlining function 'ap_uint<32>** std::__niter_base<ap_uint<32>**>(ap_uint<32>**)' into 'ap_uint<32>** std::__copy_move_a2<false, ap_uint<32>**, ap_uint<32>**>(ap_uint<32>**, ap_uint<32>**, ap_uint<32>**)' (/tools/Xilinx/Vitis_HLS/2021.1/tps/lnx64/gcc-6.2.0/lib/gcc/x86_64-pc-linux-gnu/6.2.0/../../../../include/c++/6.2.0/bits/stl_algobase.h:421:0)
INFO: [HLS 214-178] Inlining function 'ap_uint<32>** std::__copy_move_a<false, ap_uint<32>**, ap_uint<32>**>(ap_uint<32>**, ap_uint<32>**, ap_uint<32>**)' into 'ap_uint<32>** std::__copy_move_a2<false, ap_uint<32>**, ap_uint<32>**>(ap_uint<32>**, ap_uint<32>**, ap_uint<32>**)' (/tools/Xilinx/Vitis_HLS/2021.1/tps/lnx64/gcc-6.2.0/lib/gcc/x86_64-pc-linux-gnu/6.2.0/../../../../include/c++/6.2.0/bits/stl_algobase.h:421:0)
INFO: [HLS 214-178] Inlining function 'ap_uint<32>** std::__miter_base<ap_uint<32>**>(ap_uint<32>**)' into 'ap_uint<32>** std::copy<ap_uint<32>**, ap_uint<32>**>(ap_uint<32>**, ap_uint<32>**, ap_uint<32>**)' (/tools/Xilinx/Vitis_HLS/2021.1/tps/lnx64/gcc-6.2.0/lib/gcc/x86_64-pc-linux-gnu/6.2.0/../../../../include/c++/6.2.0/bits/stl_algobase.h:447:0)
INFO: [HLS 214-178] Inlining function 'ap_uint<32>** std::__copy_move_a2<false, ap_uint<32>**, ap_uint<32>**>(ap_uint<32>**, ap_uint<32>**, ap_uint<32>**)' into 'ap_uint<32>** std::copy<ap_uint<32>**, ap_uint<32>**>(ap_uint<32>**, ap_uint<32>**, ap_uint<32>**)' (/tools/Xilinx/Vitis_HLS/2021.1/tps/lnx64/gcc-6.2.0/lib/gcc/x86_64-pc-linux-gnu/6.2.0/../../../../include/c++/6.2.0/bits/stl_algobase.h:447:0)
INFO: [HLS 214-178] Inlining function 'ap_uint<32>** std::__copy_move_backward<false, true, std::random_access_iterator_tag>::__copy_move_b<ap_uint<32>*>(ap_uint<32>* const*, ap_uint<32>* const*, ap_uint<32>**)' into 'ap_uint<32>** std::__copy_move_backward_a<false, ap_uint<32>**, ap_uint<32>**>(ap_uint<32>**, ap_uint<32>**, ap_uint<32>**)' (/tools/Xilinx/Vitis_HLS/2021.1/tps/lnx64/gcc-6.2.0/lib/gcc/x86_64-pc-linux-gnu/6.2.0/../../../../include/c++/6.2.0/bits/stl_algobase.h:578:0)
INFO: [HLS 214-178] Inlining function 'ap_uint<32>** std::__niter_base<ap_uint<32>**>(ap_uint<32>**)' into 'ap_uint<32>** std::__copy_move_backward_a2<false, ap_uint<32>**, ap_uint<32>**>(ap_uint<32>**, ap_uint<32>**, ap_uint<32>**)' (/tools/Xilinx/Vitis_HLS/2021.1/tps/lnx64/gcc-6.2.0/lib/gcc/x86_64-pc-linux-gnu/6.2.0/../../../../include/c++/6.2.0/bits/stl_algobase.h:596:0)
INFO: [HLS 214-178] Inlining function 'ap_uint<32>** std::__copy_move_backward_a<false, ap_uint<32>**, ap_uint<32>**>(ap_uint<32>**, ap_uint<32>**, ap_uint<32>**)' into 'ap_uint<32>** std::__copy_move_backward_a2<false, ap_uint<32>**, ap_uint<32>**>(ap_uint<32>**, ap_uint<32>**, ap_uint<32>**)' (/tools/Xilinx/Vitis_HLS/2021.1/tps/lnx64/gcc-6.2.0/lib/gcc/x86_64-pc-linux-gnu/6.2.0/../../../../include/c++/6.2.0/bits/stl_algobase.h:596:0)
INFO: [HLS 214-178] Inlining function 'ap_uint<32>** std::__miter_base<ap_uint<32>**>(ap_uint<32>**)' into 'ap_uint<32>** std::copy_backward<ap_uint<32>**, ap_uint<32>**>(ap_uint<32>**, ap_uint<32>**, ap_uint<32>**)' (/tools/Xilinx/Vitis_HLS/2021.1/tps/lnx64/gcc-6.2.0/lib/gcc/x86_64-pc-linux-gnu/6.2.0/../../../../include/c++/6.2.0/bits/stl_algobase.h:623:0)
INFO: [HLS 214-178] Inlining function 'ap_uint<32>** std::__copy_move_backward_a2<false, ap_uint<32>**, ap_uint<32>**>(ap_uint<32>**, ap_uint<32>**, ap_uint<32>**)' into 'ap_uint<32>** std::copy_backward<ap_uint<32>**, ap_uint<32>**>(ap_uint<32>**, ap_uint<32>**, ap_uint<32>**)' (/tools/Xilinx/Vitis_HLS/2021.1/tps/lnx64/gcc-6.2.0/lib/gcc/x86_64-pc-linux-gnu/6.2.0/../../../../include/c++/6.2.0/bits/stl_algobase.h:623:0)
INFO: [HLS 214-178] Inlining function 'ap_uint<32>** std::copy<ap_uint<32>**, ap_uint<32>**>(ap_uint<32>**, ap_uint<32>**, ap_uint<32>**)' into 'std::deque<ap_uint<32>, std::allocator<ap_uint<32> > >::_M_reallocate_map(unsigned long, bool)' (/tools/Xilinx/Vitis_HLS/2021.1/tps/lnx64/gcc-6.2.0/lib/gcc/x86_64-pc-linux-gnu/6.2.0/../../../../include/c++/6.2.0/bits/deque.tcc:903:0)
INFO: [HLS 214-178] Inlining function 'ap_uint<32>** std::copy_backward<ap_uint<32>**, ap_uint<32>**>(ap_uint<32>**, ap_uint<32>**, ap_uint<32>**)' into 'std::deque<ap_uint<32>, std::allocator<ap_uint<32> > >::_M_reallocate_map(unsigned long, bool)' (/tools/Xilinx/Vitis_HLS/2021.1/tps/lnx64/gcc-6.2.0/lib/gcc/x86_64-pc-linux-gnu/6.2.0/../../../../include/c++/6.2.0/bits/deque.tcc:903:0)
INFO: [HLS 214-178] Inlining function 'unsigned long const& std::max<unsigned long>(unsigned long const&, unsigned long const&)' into 'std::deque<ap_uint<32>, std::allocator<ap_uint<32> > >::_M_reallocate_map(unsigned long, bool)' (/tools/Xilinx/Vitis_HLS/2021.1/tps/lnx64/gcc-6.2.0/lib/gcc/x86_64-pc-linux-gnu/6.2.0/../../../../include/c++/6.2.0/bits/deque.tcc:903:0)
INFO: [HLS 214-178] Inlining function 'std::_Deque_base<ap_uint<32>, std::allocator<ap_uint<32> > >::_M_allocate_map(unsigned long)' into 'std::deque<ap_uint<32>, std::allocator<ap_uint<32> > >::_M_reallocate_map(unsigned long, bool)' (/tools/Xilinx/Vitis_HLS/2021.1/tps/lnx64/gcc-6.2.0/lib/gcc/x86_64-pc-linux-gnu/6.2.0/../../../../include/c++/6.2.0/bits/deque.tcc:903:0)
INFO: [HLS 214-178] Inlining function 'std::_Deque_base<ap_uint<32>, std::allocator<ap_uint<32> > >::_M_deallocate_map(ap_uint<32>**, unsigned long)' into 'std::deque<ap_uint<32>, std::allocator<ap_uint<32> > >::_M_reallocate_map(unsigned long, bool)' (/tools/Xilinx/Vitis_HLS/2021.1/tps/lnx64/gcc-6.2.0/lib/gcc/x86_64-pc-linux-gnu/6.2.0/../../../../include/c++/6.2.0/bits/deque.tcc:903:0)
INFO: [HLS 214-178] Inlining function 'std::_Deque_iterator<ap_uint<32>, ap_uint<32>&, ap_uint<32>*>::_M_set_node(ap_uint<32>**)' into 'std::deque<ap_uint<32>, std::allocator<ap_uint<32> > >::_M_reallocate_map(unsigned long, bool)' (/tools/Xilinx/Vitis_HLS/2021.1/tps/lnx64/gcc-6.2.0/lib/gcc/x86_64-pc-linux-gnu/6.2.0/../../../../include/c++/6.2.0/bits/deque.tcc:903:0)
INFO: [HLS 214-178] Inlining function 'std::deque<ap_uint<32>, std::allocator<ap_uint<32> > >::_M_reallocate_map(unsigned long, bool)' into 'std::deque<ap_uint<32>, std::allocator<ap_uint<32> > >::_M_reserve_map_at_back(unsigned long)' (/tools/Xilinx/Vitis_HLS/2021.1/tps/lnx64/gcc-6.2.0/lib/gcc/x86_64-pc-linux-gnu/6.2.0/../../../../include/c++/6.2.0/bits/stl_deque.h:2113:0)
INFO: [HLS 214-178] Inlining function 'std::_Deque_base<ap_uint<32>, std::allocator<ap_uint<32> > >::_M_allocate_node()' into 'void std::deque<ap_uint<32>, std::allocator<ap_uint<32> > >::_M_push_back_aux<ap_uint<32> const&>(ap_uint<32> const&)' (/tools/Xilinx/Vitis_HLS/2021.1/tps/lnx64/gcc-6.2.0/lib/gcc/x86_64-pc-linux-gnu/6.2.0/../../../../include/c++/6.2.0/bits/deque.tcc:469:0)
INFO: [HLS 214-178] Inlining function 'ap_uint<32> const& std::forward<ap_uint<32> const&>(std::remove_reference<ap_uint<32> const&>::type&)' into 'void std::deque<ap_uint<32>, std::allocator<ap_uint<32> > >::_M_push_back_aux<ap_uint<32> const&>(ap_uint<32> const&)' (/tools/Xilinx/Vitis_HLS/2021.1/tps/lnx64/gcc-6.2.0/lib/gcc/x86_64-pc-linux-gnu/6.2.0/../../../../include/c++/6.2.0/bits/deque.tcc:469:0)
INFO: [HLS 214-178] Inlining function 'void std::allocator_traits<std::allocator<ap_uint<32> > >::construct<ap_uint<32>, ap_uint<32> const&>(std::allocator<ap_uint<32> >&, ap_uint<32>*, ap_uint<32> const&)' into 'void std::deque<ap_uint<32>, std::allocator<ap_uint<32> > >::_M_push_back_aux<ap_uint<32> const&>(ap_uint<32> const&)' (/tools/Xilinx/Vitis_HLS/2021.1/tps/lnx64/gcc-6.2.0/lib/gcc/x86_64-pc-linux-gnu/6.2.0/../../../../include/c++/6.2.0/bits/deque.tcc:469:0)
INFO: [HLS 214-178] Inlining function 'std::_Deque_iterator<ap_uint<32>, ap_uint<32>&, ap_uint<32>*>::_M_set_node(ap_uint<32>**)' into 'void std::deque<ap_uint<32>, std::allocator<ap_uint<32> > >::_M_push_back_aux<ap_uint<32> const&>(ap_uint<32> const&)' (/tools/Xilinx/Vitis_HLS/2021.1/tps/lnx64/gcc-6.2.0/lib/gcc/x86_64-pc-linux-gnu/6.2.0/../../../../include/c++/6.2.0/bits/deque.tcc:469:0)
INFO: [HLS 214-178] Inlining function 'void std::allocator_traits<std::allocator<ap_uint<32> > >::construct<ap_uint<32>, ap_uint<32> const&>(std::allocator<ap_uint<32> >&, ap_uint<32>*, ap_uint<32> const&)' into 'std::deque<ap_uint<32>, std::allocator<ap_uint<32> > >::push_back(ap_uint<32> const&)' (/tools/Xilinx/Vitis_HLS/2021.1/tps/lnx64/gcc-6.2.0/lib/gcc/x86_64-pc-linux-gnu/6.2.0/../../../../include/c++/6.2.0/bits/stl_deque.h:1518:0)
INFO: [HLS 214-178] Inlining function 'void std::deque<ap_uint<32>, std::allocator<ap_uint<32> > >::_M_push_back_aux<ap_uint<32> const&>(ap_uint<32> const&)' into 'std::deque<ap_uint<32>, std::allocator<ap_uint<32> > >::push_back(ap_uint<32> const&)' (/tools/Xilinx/Vitis_HLS/2021.1/tps/lnx64/gcc-6.2.0/lib/gcc/x86_64-pc-linux-gnu/6.2.0/../../../../include/c++/6.2.0/bits/stl_deque.h:1518:0)
INFO: [HLS 214-178] Inlining function 'std::deque<ap_uint<32>, std::allocator<ap_uint<32> > >::push_back(ap_uint<32> const&)' into 'hls::stream<ap_uint<32>, 0>::write(ap_uint<32> const&)' (/tools/Xilinx/Vivado/2021.1/include/hls_stream.h:226:0)
INFO: [HLS 214-178] Inlining function 'check_clockwise(Triangle_2D)' into 'rasterization1_odd_m(Triangle_2D, hls::stream<ap_uint<32>, 0>&)' (/home/dopark/workspace/zcu102_tuning/prflow_riscv/input_src/rendering512/operators/data_redir_m.cpp:198:0)
INFO: [HLS 214-178] Inlining function 'clockwise_vertices(Triangle_2D*)' into 'rasterization1_odd_m(Triangle_2D, hls::stream<ap_uint<32>, 0>&)' (/home/dopark/workspace/zcu102_tuning/prflow_riscv/input_src/rendering512/operators/data_redir_m.cpp:198:0)
INFO: [HLS 214-178] Inlining function 'find_min(ap_uint<8>, ap_uint<8>, ap_uint<8>)' into 'rasterization1_odd_m(Triangle_2D, hls::stream<ap_uint<32>, 0>&)' (/home/dopark/workspace/zcu102_tuning/prflow_riscv/input_src/rendering512/operators/data_redir_m.cpp:198:0)
INFO: [HLS 214-178] Inlining function 'find_max(ap_uint<8>, ap_uint<8>, ap_uint<8>)' into 'rasterization1_odd_m(Triangle_2D, hls::stream<ap_uint<32>, 0>&)' (/home/dopark/workspace/zcu102_tuning/prflow_riscv/input_src/rendering512/operators/data_redir_m.cpp:198:0)
INFO: [HLS 214-178] Inlining function 'check_clockwise(Triangle_2D)' into 'rasterization1_even_m(Triangle_2D, hls::stream<ap_uint<32>, 0>&)' (/home/dopark/workspace/zcu102_tuning/prflow_riscv/input_src/rendering512/operators/data_redir_m.cpp:300:0)
INFO: [HLS 214-178] Inlining function 'clockwise_vertices(Triangle_2D*)' into 'rasterization1_even_m(Triangle_2D, hls::stream<ap_uint<32>, 0>&)' (/home/dopark/workspace/zcu102_tuning/prflow_riscv/input_src/rendering512/operators/data_redir_m.cpp:300:0)
INFO: [HLS 214-178] Inlining function 'find_min(ap_uint<8>, ap_uint<8>, ap_uint<8>)' into 'rasterization1_even_m(Triangle_2D, hls::stream<ap_uint<32>, 0>&)' (/home/dopark/workspace/zcu102_tuning/prflow_riscv/input_src/rendering512/operators/data_redir_m.cpp:300:0)
INFO: [HLS 214-178] Inlining function 'find_max(ap_uint<8>, ap_uint<8>, ap_uint<8>)' into 'rasterization1_even_m(Triangle_2D, hls::stream<ap_uint<32>, 0>&)' (/home/dopark/workspace/zcu102_tuning/prflow_riscv/input_src/rendering512/operators/data_redir_m.cpp:300:0)
INFO: [HLS 214-178] Inlining function 'std::deque<ap_uint<32>, std::allocator<ap_uint<32> > >::begin()' into 'std::deque<ap_uint<32>, std::allocator<ap_uint<32> > >::front()' (/tools/Xilinx/Vitis_HLS/2021.1/tps/lnx64/gcc-6.2.0/lib/gcc/x86_64-pc-linux-gnu/6.2.0/../../../../include/c++/6.2.0/bits/stl_deque.h:1439:0)
INFO: [HLS 214-178] Inlining function 'std::_Deque_iterator<ap_uint<32>, ap_uint<32>&, ap_uint<32>*>::operator*() const' into 'std::deque<ap_uint<32>, std::allocator<ap_uint<32> > >::front()' (/tools/Xilinx/Vitis_HLS/2021.1/tps/lnx64/gcc-6.2.0/lib/gcc/x86_64-pc-linux-gnu/6.2.0/../../../../include/c++/6.2.0/bits/stl_deque.h:1439:0)
INFO: [HLS 214-178] Inlining function 'std::_Deque_base<ap_uint<32>, std::allocator<ap_uint<32> > >::_M_deallocate_node(ap_uint<32>*)' into 'std::deque<ap_uint<32>, std::allocator<ap_uint<32> > >::_M_pop_front_aux()' (/tools/Xilinx/Vitis_HLS/2021.1/tps/lnx64/gcc-6.2.0/lib/gcc/x86_64-pc-linux-gnu/6.2.0/../../../../include/c++/6.2.0/bits/deque.tcc:548:0)
