Sat Jun 11 19:24:20 2022: Running xcd server. This server was built by gradle.
Sat Jun 11 19:24:20 2022: Server was asked to start on port: '39335'
Sat Jun 11 19:24:20 2022: Server is using token UUID: 'c1126e79-a4d5-415f-9585-7a49def8d378'
Sat Jun 11 19:24:20 2022: SESSION_MGR: creating session with session uuid: '6d04a3e9-ade5-4ab9-8d63-1f78fcd2ec76' and name 'default'
Sat Jun 11 19:24:20 2022: Attempting to start server on port '39335'
Sat Jun 11 19:24:20 2022: XCD main fifo: created main fifo '/tmp/xcdmainc1126e79-a4d5-415f-9585-7a49def8d378', fd read = 13
Sat Jun 11 19:24:20 2022: Running Dispatch Server
Sat Jun 11 19:24:20 2022: Version 2.2.0
Sat Jun 11 19:24:30 2022: Dispatch Server: Accepted socket connection from client
Sat Jun 11 19:24:30 2022: Starting Socket connection
Sat Jun 11 19:24:30 2022: EXCHANGE_TOKEN received, server token: c1126e79-a4d5-415f-9585-7a49def8d378, passed token: c1126e79-a4d5-415f-9585-7a49def8d378
Sat Jun 11 19:24:30 2022: DISPATCH_HANDLER: Adding handler from function makeHandler in library libxv_system_diagram
Sat Jun 11 19:24:30 2022: SESSION_MGR: creating session with session uuid: '03a2bc21-e8e6-4108-bc12-a8719b62ecf7' and name 'v++_package_a'
Sat Jun 11 19:24:30 2022: KERNEL_SVC: creating session with uuid: '03a2bc21-e8e6-4108-bc12-a8719b62ecf7' and name 'v++_package_a'
Sat Jun 11 19:24:30 2022: GUIDANCE_SMGR: creating guidance session with uuid: '03a2bc21-e8e6-4108-bc12-a8719b62ecf7' and name 'v++_package_a'
Sat Jun 11 19:24:30 2022: SYSTEM_DIAGRAM_SMGR: creating diagram session with uuid: '03a2bc21-e8e6-4108-bc12-a8719b62ecf7' and name 'v++_package_a'
Sat Jun 11 19:24:43 2022: SESSION_MGR: closing session for UUID '03a2bc21-e8e6-4108-bc12-a8719b62ecf7' with name 'v++_package_a'
Sat Jun 11 19:24:43 2022: KERNEL_SVC: closing session for UUID '03a2bc21-e8e6-4108-bc12-a8719b62ecf7' with name 'v++_package_a'
Sat Jun 11 19:24:43 2022: GUIDANCE_SMGR: closing session for UUID '03a2bc21-e8e6-4108-bc12-a8719b62ecf7' with name 'v++_package_a'
Sat Jun 11 19:24:43 2022: SYSTEM_DIAGRAM_SMGR: closing session for UUID '03a2bc21-e8e6-4108-bc12-a8719b62ecf7' with name 'v++_package_a'
