XRT Build Version: 2.11.634 (2021.1)
       Build Date: 2021-06-08 22:08:45
          Hash ID: 5ad5998d67080f00bca5bf15b3838cf35e0a7b26
Creating a default 'in-memory' xclbin image.

Section: 'BITSTREAM'(0) was successfully added.
Size   : 16178976 bytes
Format : RAW
File   : '/home/dopark/workspace/zcu102_tuning/prflow_riscv/input_src/optical_flow512/sw_emu/_x/link/int/ydma.so'

Section: 'MEM_TOPOLOGY'(6) was successfully added.
Format : JSON
File   : 'mem_topology'

Section: 'IP_LAYOUT'(8) was successfully added.
Format : JSON
File   : 'ip_layout'

Section: 'CONNECTIVITY'(7) was successfully added.
Format : JSON
File   : 'connectivity'
WARNING: Skipping CLOCK_FREQ_TOPOLOGY section for count size is zero.
WARNING: Section 'CLOCK_FREQ_TOPOLOGY' content is empty.  No data in the given JSON file.

Section: 'CLOCK_FREQ_TOPOLOGY'(11) was empty.  No action taken.
Format : JSON
File   : '/home/dopark/workspace/zcu102_tuning/prflow_riscv/input_src/optical_flow512/sw_emu/_x/link/int/ydma_xml.rtd'

Section: 'BUILD_METADATA'(14) was successfully added.
Size   : 2719 bytes
Format : JSON
File   : '/home/dopark/workspace/zcu102_tuning/prflow_riscv/input_src/optical_flow512/sw_emu/_x/link/int/ydma_build.rtd'

Section: 'EMBEDDED_METADATA'(2) was successfully added.
Size   : 2832 bytes
Format : RAW
File   : '/home/dopark/workspace/zcu102_tuning/prflow_riscv/input_src/optical_flow512/sw_emu/_x/link/int/ydma.xml'

Section: 'DEBUG_DATA'(4) was successfully added.
Size   : 0 bytes
Format : RAW
File   : '/dev/null'
Successfully wrote (16192197 bytes) to the output file: /home/dopark/workspace/zcu102_tuning/prflow_riscv/input_src/optical_flow512/sw_emu/ydma.xclbin
Leaving xclbinutil.
